2016/12/19 23:43:15 [I] [task.go:52] DPanF3nACfuWQgkwyzyG1E8ydf5LztC4  Start processing tasks
2016/12/19 23:43:15 [I] [log.go:166] DPanF3nACfuWQgkwyzyG1E8ydf5LztC4 [ORM]2016/12/19 23:43:15  -[Queries/default] - [  OK /    db.Query /     1.0ms] - [SELECT T0.`id`, T0.`site_id`, T0.`customer_code`, T0.`task_type`, T0.`action`, T0.`status`, T0.`try_count`, T0.`set_timer`, T0.`modified_at` FROM `bbs_task` T0 WHERE T0.`set_timer` < ? AND ( T0.`status` = ? OR ( T0.`status` = ? AND T0.`try_count` < ? ) ) ORDER BY T0.`status` ASC, T0.`id` ASC LIMIT 1] - `1482162195299`, `0`, `3`, `3`

2016/12/19 23:43:15 [N] [task.go:60] DPanF3nACfuWQgkwyzyG1E8ydf5LztC4  Not found task info.
2016/12/19 23:43:49 [I] [task.go:52] ABgDa8MVTIht0q6RXo8NUzl72ThhijFi  Start processing tasks
2016/12/19 23:43:49 [I] [log.go:166] ABgDa8MVTIht0q6RXo8NUzl72ThhijFi [ORM]2016/12/19 23:43:49  -[Queries/default] - [  OK /    db.Query /     0.0ms] - [SELECT T0.`id`, T0.`site_id`, T0.`customer_code`, T0.`task_type`, T0.`action`, T0.`status`, T0.`try_count`, T0.`set_timer`, T0.`modified_at` FROM `bbs_task` T0 WHERE T0.`set_timer` < ? AND ( T0.`status` = ? OR ( T0.`status` = ? AND T0.`try_count` < ? ) ) ORDER BY T0.`status` ASC, T0.`id` ASC LIMIT 1] - `1482162229735`, `0`, `3`, `3`

2016/12/19 23:43:49 [N] [task.go:60] ABgDa8MVTIht0q6RXo8NUzl72ThhijFi  Not found task info.
2016/12/19 23:46:52 [I] [task.go:52] 7VRasmx1x8eqAwlS18EUe8SxnDafllGx  Start processing tasks
2016/12/19 23:46:52 [I] [log.go:166] 7VRasmx1x8eqAwlS18EUe8SxnDafllGx [ORM]2016/12/19 23:46:52  -[Queries/default] - [  OK /    db.Query /     0.9ms] - [SELECT T0.`id`, T0.`site_id`, T0.`customer_code`, T0.`task_type`, T0.`action`, T0.`status`, T0.`try_count`, T0.`set_timer`, T0.`modified_at` FROM `bbs_task` T0 WHERE T0.`set_timer` < ? AND ( T0.`status` = ? OR ( T0.`status` = ? AND T0.`try_count` < ? ) ) ORDER BY T0.`status` ASC, T0.`id` ASC LIMIT 1] - `1482162412449`, `0`, `3`, `3`

2016/12/19 23:46:52 [N] [task.go:60] 7VRasmx1x8eqAwlS18EUe8SxnDafllGx  Not found task info.
2016/12/19 23:47:29 [I] [task.go:52] DfLB7QfWpeLvOygYSex2J41M3hgefS6C  Start processing tasks
2016/12/19 23:47:29 [I] [log.go:166] DfLB7QfWpeLvOygYSex2J41M3hgefS6C [ORM]2016/12/19 23:47:29  -[Queries/default] - [  OK /    db.Query /     1.0ms] - [SELECT T0.`id`, T0.`site_id`, T0.`customer_code`, T0.`task_type`, T0.`action`, T0.`status`, T0.`try_count`, T0.`set_timer`, T0.`modified_at` FROM `bbs_task` T0 WHERE T0.`set_timer` < ? AND ( T0.`status` = ? OR ( T0.`status` = ? AND T0.`try_count` < ? ) ) ORDER BY T0.`status` ASC, T0.`id` ASC LIMIT 1] - `1482162449580`, `0`, `3`, `3`

2016/12/19 23:47:29 [N] [task.go:60] DfLB7QfWpeLvOygYSex2J41M3hgefS6C  Not found task info.
2016/12/19 23:48:03 [I] [task.go:52] Agk40wr8Aj5VL5WOZiYaODs66Fd6MBm6  Start processing tasks
2016/12/19 23:48:03 [I] [log.go:166] Agk40wr8Aj5VL5WOZiYaODs66Fd6MBm6 [ORM]2016/12/19 23:48:03  -[Queries/default] - [  OK /    db.Query /     0.9ms] - [SELECT T0.`id`, T0.`site_id`, T0.`customer_code`, T0.`task_type`, T0.`action`, T0.`status`, T0.`try_count`, T0.`set_timer`, T0.`modified_at` FROM `bbs_task` T0 WHERE T0.`set_timer` < ? AND ( T0.`status` = ? OR ( T0.`status` = ? AND T0.`try_count` < ? ) ) ORDER BY T0.`status` ASC, T0.`id` ASC LIMIT 1] - `1482162483745`, `0`, `3`, `3`

2016/12/19 23:48:03 [N] [task.go:60] Agk40wr8Aj5VL5WOZiYaODs66Fd6MBm6  Not found task info.
2016/12/19 23:48:16 [I] [task.go:52] QUbo5Au36w0BKOXl7YXkjNjTukDHBB7e  Start processing tasks
2016/12/19 23:48:16 [I] [log.go:166] QUbo5Au36w0BKOXl7YXkjNjTukDHBB7e [ORM]2016/12/19 23:48:16  -[Queries/default] - [  OK /    db.Query /     0.0ms] - [SELECT T0.`id`, T0.`site_id`, T0.`customer_code`, T0.`task_type`, T0.`action`, T0.`status`, T0.`try_count`, T0.`set_timer`, T0.`modified_at` FROM `bbs_task` T0 WHERE T0.`set_timer` < ? AND ( T0.`status` = ? OR ( T0.`status` = ? AND T0.`try_count` < ? ) ) ORDER BY T0.`status` ASC, T0.`id` ASC LIMIT 1] - `1482162496468`, `0`, `3`, `3`

2016/12/19 23:48:16 [N] [task.go:60] QUbo5Au36w0BKOXl7YXkjNjTukDHBB7e  Not found task info.
2016/12/19 23:51:19 [I] [task.go:52] y4E3bbvECQwc5zVxXHwWTF5uA5rdF273  Start processing tasks
2016/12/19 23:51:19 [I] [log.go:166] y4E3bbvECQwc5zVxXHwWTF5uA5rdF273 [ORM]2016/12/19 23:51:19  -[Queries/default] - [  OK /    db.Query /     1.0ms] - [SELECT T0.`id`, T0.`site_id`, T0.`customer_code`, T0.`task_type`, T0.`action`, T0.`status`, T0.`try_count`, T0.`set_timer`, T0.`modified_at` FROM `bbs_task` T0 WHERE T0.`set_timer` < ? AND ( T0.`status` = ? OR ( T0.`status` = ? AND T0.`try_count` < ? ) ) ORDER BY T0.`status` ASC, T0.`id` ASC LIMIT 1] - `1482162679914`, `0`, `3`, `3`

2016/12/19 23:51:19 [N] [task.go:60] y4E3bbvECQwc5zVxXHwWTF5uA5rdF273  Not found task info.
2016/12/19 23:53:31 [I] [task.go:52] EZ9Wa9iCXeuyB2e2J8g44FjLMvgnnjx4  Start processing tasks
2016/12/19 23:53:31 [I] [log.go:166] EZ9Wa9iCXeuyB2e2J8g44FjLMvgnnjx4 [ORM]2016/12/19 23:53:31  -[Queries/default] - [  OK /    db.Query /     0.9ms] - [SELECT T0.`id`, T0.`site_id`, T0.`customer_code`, T0.`task_type`, T0.`action`, T0.`status`, T0.`try_count`, T0.`set_timer`, T0.`modified_at` FROM `bbs_task` T0 WHERE T0.`set_timer` < ? AND ( T0.`status` = ? OR ( T0.`status` = ? AND T0.`try_count` < ? ) ) ORDER BY T0.`status` ASC, T0.`id` ASC LIMIT 1] - `1482162811801`, `0`, `3`, `3`

2016/12/19 23:53:31 [N] [task.go:60] EZ9Wa9iCXeuyB2e2J8g44FjLMvgnnjx4  Not found task info.
2016/12/19 23:53:45 [I] [task.go:52] BS7sMhTrWhx43w4d9BCe9CXyq4z8nEmP  Start processing tasks
2016/12/19 23:53:45 [I] [log.go:166] BS7sMhTrWhx43w4d9BCe9CXyq4z8nEmP [ORM]2016/12/19 23:53:45  -[Queries/default] - [  OK /    db.Query /     1.0ms] - [SELECT T0.`id`, T0.`site_id`, T0.`customer_code`, T0.`task_type`, T0.`action`, T0.`status`, T0.`try_count`, T0.`set_timer`, T0.`modified_at` FROM `bbs_task` T0 WHERE T0.`set_timer` < ? AND ( T0.`status` = ? OR ( T0.`status` = ? AND T0.`try_count` < ? ) ) ORDER BY T0.`status` ASC, T0.`id` ASC LIMIT 1] - `1482162825128`, `0`, `3`, `3`

2016/12/19 23:53:45 [N] [task.go:60] BS7sMhTrWhx43w4d9BCe9CXyq4z8nEmP  Not found task info.
2016/12/19 23:53:55 [I] [task.go:52] KGqTpT5gdgOyiVTcArTs7MG75zjj1YJY  Start processing tasks
2016/12/19 23:53:55 [I] [log.go:166] KGqTpT5gdgOyiVTcArTs7MG75zjj1YJY [ORM]2016/12/19 23:53:55  -[Queries/default] - [  OK /    db.Query /     0.8ms] - [SELECT T0.`id`, T0.`site_id`, T0.`customer_code`, T0.`task_type`, T0.`action`, T0.`status`, T0.`try_count`, T0.`set_timer`, T0.`modified_at` FROM `bbs_task` T0 WHERE T0.`set_timer` < ? AND ( T0.`status` = ? OR ( T0.`status` = ? AND T0.`try_count` < ? ) ) ORDER BY T0.`status` ASC, T0.`id` ASC LIMIT 1] - `1482162835036`, `0`, `3`, `3`

2016/12/19 23:53:55 [N] [task.go:60] KGqTpT5gdgOyiVTcArTs7MG75zjj1YJY  Not found task info.
2016/12/19 23:54:35 [I] [task.go:52] nXrsanTW8rmDn076CAA6hQDwxs3ILjOy  Start processing tasks
2016/12/19 23:54:35 [I] [log.go:166] nXrsanTW8rmDn076CAA6hQDwxs3ILjOy [ORM]2016/12/19 23:54:35  -[Queries/default] - [  OK /    db.Query /     1.0ms] - [SELECT T0.`id`, T0.`site_id`, T0.`customer_code`, T0.`task_type`, T0.`action`, T0.`status`, T0.`try_count`, T0.`set_timer`, T0.`modified_at` FROM `bbs_task` T0 WHERE T0.`set_timer` < ? AND ( T0.`status` = ? OR ( T0.`status` = ? AND T0.`try_count` < ? ) ) ORDER BY T0.`status` ASC, T0.`id` ASC LIMIT 1] - `1482162875807`, `0`, `3`, `3`

2016/12/19 23:54:35 [N] [task.go:60] nXrsanTW8rmDn076CAA6hQDwxs3ILjOy  Not found task info.
2016/12/19 23:56:36 [I] [task.go:52] 9QikNTwo0FDNmQeqOkILfvVAW53vP53p  Start processing tasks
2016/12/19 23:56:36 [I] [log.go:166] 9QikNTwo0FDNmQeqOkILfvVAW53vP53p [ORM]2016/12/19 23:56:36  -[Queries/default] - [  OK /    db.Query /     0.9ms] - [SELECT T0.`id`, T0.`site_id`, T0.`customer_code`, T0.`task_type`, T0.`action`, T0.`status`, T0.`try_count`, T0.`set_timer`, T0.`modified_at` FROM `bbs_task` T0 WHERE T0.`set_timer` < ? AND ( T0.`status` = ? OR ( T0.`status` = ? AND T0.`try_count` < ? ) ) ORDER BY T0.`status` ASC, T0.`id` ASC LIMIT 1] - `1482162996485`, `0`, `3`, `3`

2016/12/19 23:56:36 [N] [task.go:60] 9QikNTwo0FDNmQeqOkILfvVAW53vP53p  Not found task info.
2016/12/19 23:56:59 [I] [task.go:52] Df4zEE6WAFdKa6Ba0HWzipd3IOFvySNZ  Start processing tasks
2016/12/19 23:56:59 [I] [log.go:166] Df4zEE6WAFdKa6Ba0HWzipd3IOFvySNZ [ORM]2016/12/19 23:56:59  -[Queries/default] - [  OK /    db.Query /     1.0ms] - [SELECT T0.`id`, T0.`site_id`, T0.`customer_code`, T0.`task_type`, T0.`action`, T0.`status`, T0.`try_count`, T0.`set_timer`, T0.`modified_at` FROM `bbs_task` T0 WHERE T0.`set_timer` < ? AND ( T0.`status` = ? OR ( T0.`status` = ? AND T0.`try_count` < ? ) ) ORDER BY T0.`status` ASC, T0.`id` ASC LIMIT 1] - `1482163019356`, `0`, `3`, `3`

2016/12/19 23:56:59 [N] [task.go:60] Df4zEE6WAFdKa6Ba0HWzipd3IOFvySNZ  Not found task info.
2016/12/19 23:57:10 [I] [task.go:52] CrXNut1u7U4YTBcTuJuNAX5wgc50vure  Start processing tasks
2016/12/19 23:57:10 [I] [log.go:166] CrXNut1u7U4YTBcTuJuNAX5wgc50vure [ORM]2016/12/19 23:57:10  -[Queries/default] - [  OK /    db.Query /     1.0ms] - [SELECT T0.`id`, T0.`site_id`, T0.`customer_code`, T0.`task_type`, T0.`action`, T0.`status`, T0.`try_count`, T0.`set_timer`, T0.`modified_at` FROM `bbs_task` T0 WHERE T0.`set_timer` < ? AND ( T0.`status` = ? OR ( T0.`status` = ? AND T0.`try_count` < ? ) ) ORDER BY T0.`status` ASC, T0.`id` ASC LIMIT 1] - `1482163030933`, `0`, `3`, `3`

2016/12/19 23:57:10 [N] [task.go:60] CrXNut1u7U4YTBcTuJuNAX5wgc50vure  Not found task info.
2016/12/19 23:57:47 [I] [task.go:52] 5PkQiKRxTLwgJfcpJrMINPZQk9vRLLTx  Start processing tasks
2016/12/19 23:57:47 [E] [bbs.go:51] 5PkQiKRxTLwgJfcpJrMINPZQk9vRLLTx  GetCache value Assertion error
2016/12/19 23:57:47 [I] [log.go:166] 5PkQiKRxTLwgJfcpJrMINPZQk9vRLLTx [ORM]2016/12/19 23:57:47  -[Queries/default] - [  OK /    db.Query /     0.0ms] - [SELECT T0.`id`, T0.`site_id`, T0.`board_id`, T0.`title`, T0.`description`, T0.`content`, T0.`publish_scope`, T0.`msg_count`, T0.`attachments`, T0.`user_id`, T0.`created_at`, T0.`publish_at`, T0.`modified_at`, T0.`set_timer`, T0.`category`, T0.`type`, T0.`is_deleted`, T0.`status`, T0.`comment_enabled` FROM `bbs_bbs` T0 WHERE T0.`id` = ? LIMIT 1] - `13`

2016/12/19 23:57:49 [I] [log.go:166] 5PkQiKRxTLwgJfcpJrMINPZQk9vRLLTx [ORM]2016/12/19 23:57:49  -[Queries/default] - [  OK /    db.Query /     0.9ms] - [SELECT T0.`id`, T0.`site_id`, T0.`customer_code`, T0.`task_type`, T0.`action`, T0.`status`, T0.`try_count`, T0.`set_timer`, T0.`modified_at` FROM `bbs_task` T0 WHERE T0.`set_timer` < ? AND ( T0.`status` = ? OR ( T0.`status` = ? AND T0.`try_count` < ? ) ) ORDER BY T0.`status` ASC, T0.`id` ASC LIMIT 1] - `1482163069305`, `0`, `3`, `3`

2016/12/19 23:57:49 [N] [task.go:60] 5PkQiKRxTLwgJfcpJrMINPZQk9vRLLTx  Not found task info.
2016/12/19 23:58:25 [I] [task.go:52] C8uK2hvWHpbq1mkZ9gXbBQBK37O10Es0  Start processing tasks
2016/12/19 23:58:25 [E] [bbs.go:51] C8uK2hvWHpbq1mkZ9gXbBQBK37O10Es0  GetCache value Assertion error
2016/12/19 23:58:25 [I] [log.go:166] C8uK2hvWHpbq1mkZ9gXbBQBK37O10Es0 [ORM]2016/12/19 23:58:25  -[Queries/default] - [  OK /    db.Query /     0.9ms] - [SELECT T0.`id`, T0.`site_id`, T0.`board_id`, T0.`title`, T0.`description`, T0.`content`, T0.`publish_scope`, T0.`msg_count`, T0.`attachments`, T0.`user_id`, T0.`created_at`, T0.`publish_at`, T0.`modified_at`, T0.`set_timer`, T0.`category`, T0.`type`, T0.`is_deleted`, T0.`status`, T0.`comment_enabled` FROM `bbs_bbs` T0 WHERE T0.`id` = ? LIMIT 1] - `13`

2016/12/19 23:58:25 [I] [log.go:166] C8uK2hvWHpbq1mkZ9gXbBQBK37O10Es0 [ORM]2016/12/19 23:58:25  -[Queries/default] - [  OK /    db.Query /     0.0ms] - [SELECT T0.`id`, T0.`site_id`, T0.`customer_code`, T0.`task_type`, T0.`action`, T0.`status`, T0.`try_count`, T0.`set_timer`, T0.`modified_at` FROM `bbs_task` T0 WHERE T0.`set_timer` < ? AND ( T0.`status` = ? OR ( T0.`status` = ? AND T0.`try_count` < ? ) ) ORDER BY T0.`status` ASC, T0.`id` ASC LIMIT 1] - `1482163105708`, `0`, `3`, `3`

2016/12/19 23:58:25 [N] [task.go:60] C8uK2hvWHpbq1mkZ9gXbBQBK37O10Es0  Not found task info.
2016/12/19 23:59:28 [I] [task.go:52] jlWsQPT38YMKjOaAU7RflXf29Emp3iiX  Start processing tasks
2016/12/19 23:59:28 [I] [log.go:166] jlWsQPT38YMKjOaAU7RflXf29Emp3iiX [ORM]2016/12/19 23:59:28  -[Queries/default] - [  OK /    db.Query /     0.4ms] - [SELECT T0.`id`, T0.`site_id`, T0.`customer_code`, T0.`task_type`, T0.`action`, T0.`status`, T0.`try_count`, T0.`set_timer`, T0.`modified_at` FROM `bbs_task` T0 WHERE T0.`set_timer` < ? AND ( T0.`status` = ? OR ( T0.`status` = ? AND T0.`try_count` < ? ) ) ORDER BY T0.`status` ASC, T0.`id` ASC LIMIT 1] - `1482163168082`, `0`, `3`, `3`

2016/12/19 23:59:28 [N] [task.go:60] jlWsQPT38YMKjOaAU7RflXf29Emp3iiX  Not found task info.
2016/12/19 23:59:58 [I] [task.go:52] YpDeYg85JiE1drzS07cf5pc7s4cC1Kna  Start processing tasks
2016/12/19 23:59:58 [I] [log.go:166] YpDeYg85JiE1drzS07cf5pc7s4cC1Kna [ORM]2016/12/19 23:59:58  -[Queries/default] - [  OK /    db.Query /     2.0ms] - [SELECT T0.`id`, T0.`site_id`, T0.`customer_code`, T0.`task_type`, T0.`action`, T0.`status`, T0.`try_count`, T0.`set_timer`, T0.`modified_at` FROM `bbs_task` T0 WHERE T0.`set_timer` < ? AND ( T0.`status` = ? OR ( T0.`status` = ? AND T0.`try_count` < ? ) ) ORDER BY T0.`status` ASC, T0.`id` ASC LIMIT 1] - `1482163198084`, `0`, `3`, `3`

2016/12/19 23:59:58 [N] [task.go:60] YpDeYg85JiE1drzS07cf5pc7s4cC1Kna  Not found task info.
