2016/12/18 00:04:51 [I] [task.go:49] 6qJiPhxLH4eo6ruO4qqvs4vErLwXgyhJ Start processing tasks
2016/12/18 00:04:51 [E] [task.go:72] 6qJiPhxLH4eo6ruO4qqvs4vErLwXgyhJ Error 1054: Unknown column 'T0.set_timer' in 'field list'
2016/12/18 00:04:53 [I] [task.go:49] giIDt0SkM1Gx9y56kfRk3sjRT6nm49i0 Start processing tasks
2016/12/18 00:04:53 [E] [task.go:72] giIDt0SkM1Gx9y56kfRk3sjRT6nm49i0 Error 1054: Unknown column 'T0.set_timer' in 'field list'
2016/12/18 00:04:55 [I] [task.go:49] pUnga9L0iQyiIEjRXp5K1rCwO4nSZfkN Start processing tasks
2016/12/18 00:04:55 [E] [task.go:72] pUnga9L0iQyiIEjRXp5K1rCwO4nSZfkN Error 1054: Unknown column 'T0.set_timer' in 'field list'
2016/12/18 00:06:20 [I] [task.go:49] 7te4GTU0hNZvWuVTqX5GcTT2OiGiUjY0 Start processing tasks
2016/12/18 00:06:20 [E] [task.go:72] 7te4GTU0hNZvWuVTqX5GcTT2OiGiUjY0 Error 1054: Unknown column 'T0.set_timer' in 'field list'
2016/12/18 00:06:22 [I] [task.go:49] O57vlg19pLDi2ZmuuOeZxevV5FSRpcJQ Start processing tasks
2016/12/18 00:06:22 [E] [task.go:72] O57vlg19pLDi2ZmuuOeZxevV5FSRpcJQ Error 1054: Unknown column 'T0.set_timer' in 'field list'
2016/12/18 00:07:08 [I] [task.go:49] p0lI2hq0v279HSsPVFSQJYGem5uT9aUW Start processing tasks
2016/12/18 00:07:08 [E] [task.go:72] p0lI2hq0v279HSsPVFSQJYGem5uT9aUW Error 1054: Unknown column 'T0.set_timer' in 'field list'
2016/12/18 00:07:10 [I] [task.go:49] NFreE9Kk4HJTvVPchwivMVVo4x9Qsa8W Start processing tasks
2016/12/18 00:07:10 [E] [task.go:72] NFreE9Kk4HJTvVPchwivMVVo4x9Qsa8W Error 1054: Unknown column 'T0.set_timer' in 'field list'
2016/12/18 00:12:39 [I] [task.go:49] cwNL2q17IbYAKZLJITt2Rdy5og7waqaU Start processing tasks
2016/12/18 00:12:39 [E] [task.go:72] cwNL2q17IbYAKZLJITt2Rdy5og7waqaU Error 1054: Unknown column 'T0.set_timer' in 'field list'
2016/12/18 00:12:41 [I] [task.go:49] FH3hcYCUzqG3Id3KhIi0F1cdBVz19EoK Start processing tasks
2016/12/18 00:12:41 [E] [task.go:72] FH3hcYCUzqG3Id3KhIi0F1cdBVz19EoK Error 1054: Unknown column 'T0.set_timer' in 'field list'
2016/12/18 00:12:52 [I] [task.go:49] B5TC4gcY1NHnvkIF213i19eoXfAtAaVW Start processing tasks
2016/12/18 00:12:52 [E] [task.go:72] B5TC4gcY1NHnvkIF213i19eoXfAtAaVW Error 1054: Unknown column 'T0.set_timer' in 'field list'
2016/12/18 00:13:08 [I] [task.go:49] fgahLoQJU37erSV3GifOKFaAE6AbCOU5 Start processing tasks
2016/12/18 00:13:08 [E] [task.go:72] fgahLoQJU37erSV3GifOKFaAE6AbCOU5 Error 1054: Unknown column 'T0.set_timer' in 'field list'
