2016/12/20 00:00:43 [I] [task.go:52] rdNZr4U8Y2jRamgGPXW3sWI7d3yEzw9l  Start processing tasks
2016/12/20 00:00:43 [I] [log.go:166] rdNZr4U8Y2jRamgGPXW3sWI7d3yEzw9l [ORM]2016/12/20 00:00:43  -[Queries/default] - [  OK /    db.Query /     1.0ms] - [SELECT T0.`id`, T0.`site_id`, T0.`customer_code`, T0.`task_type`, T0.`action`, T0.`status`, T0.`try_count`, T0.`set_timer`, T0.`modified_at` FROM `bbs_task` T0 WHERE T0.`set_timer` < ? AND ( T0.`status` = ? OR ( T0.`status` = ? AND T0.`try_count` < ? ) ) ORDER BY T0.`status` ASC, T0.`id` ASC LIMIT 1] - `1482163243421`, `0`, `3`, `3`

2016/12/20 00:00:43 [N] [task.go:60] rdNZr4U8Y2jRamgGPXW3sWI7d3yEzw9l  Not found task info.
2016/12/20 00:01:12 [I] [task.go:52] Py9MSON4Irmr0dE6N77eEETAdtkAjacT  Start processing tasks
2016/12/20 00:01:12 [I] [log.go:166] Py9MSON4Irmr0dE6N77eEETAdtkAjacT [ORM]2016/12/20 00:01:12  -[Queries/default] - [  OK /    db.Query /     0.0ms] - [SELECT T0.`id`, T0.`site_id`, T0.`customer_code`, T0.`task_type`, T0.`action`, T0.`status`, T0.`try_count`, T0.`set_timer`, T0.`modified_at` FROM `bbs_task` T0 WHERE T0.`set_timer` < ? AND ( T0.`status` = ? OR ( T0.`status` = ? AND T0.`try_count` < ? ) ) ORDER BY T0.`status` ASC, T0.`id` ASC LIMIT 1] - `1482163272198`, `0`, `3`, `3`

2016/12/20 00:01:12 [N] [task.go:60] Py9MSON4Irmr0dE6N77eEETAdtkAjacT  Not found task info.
2016/12/20 00:01:21 [I] [task.go:52] TpKlWLUhHW89Hube0IJZwNS1l27ME0nL  Start processing tasks
2016/12/20 00:01:21 [I] [log.go:166] TpKlWLUhHW89Hube0IJZwNS1l27ME0nL [ORM]2016/12/20 00:01:21  -[Queries/default] - [  OK /    db.Query /     0.0ms] - [SELECT T0.`id`, T0.`site_id`, T0.`customer_code`, T0.`task_type`, T0.`action`, T0.`status`, T0.`try_count`, T0.`set_timer`, T0.`modified_at` FROM `bbs_task` T0 WHERE T0.`set_timer` < ? AND ( T0.`status` = ? OR ( T0.`status` = ? AND T0.`try_count` < ? ) ) ORDER BY T0.`status` ASC, T0.`id` ASC LIMIT 1] - `1482163281666`, `0`, `3`, `3`

2016/12/20 00:01:21 [N] [task.go:60] TpKlWLUhHW89Hube0IJZwNS1l27ME0nL  Not found task info.
2016/12/20 00:03:14 [I] [task.go:52] TsBDM6IhjVuJIamqktOWdjkq4uagDaZa  Start processing tasks
2016/12/20 00:03:14 [I] [log.go:166] TsBDM6IhjVuJIamqktOWdjkq4uagDaZa [ORM]2016/12/20 00:03:14  -[Queries/default] - [  OK /    db.Query /     0.0ms] - [SELECT T0.`id`, T0.`site_id`, T0.`customer_code`, T0.`task_type`, T0.`action`, T0.`status`, T0.`try_count`, T0.`set_timer`, T0.`modified_at` FROM `bbs_task` T0 WHERE T0.`set_timer` < ? AND ( T0.`status` = ? OR ( T0.`status` = ? AND T0.`try_count` < ? ) ) ORDER BY T0.`status` ASC, T0.`id` ASC LIMIT 1] - `1482163394340`, `0`, `3`, `3`

2016/12/20 00:03:14 [N] [task.go:60] TsBDM6IhjVuJIamqktOWdjkq4uagDaZa  Not found task info.
2016/12/20 00:04:21 [I] [task.go:52] 8qtJYxMCSUdWzpBN1FyrNdhQ1m1g87tt  Start processing tasks
2016/12/20 00:04:21 [I] [log.go:166] 8qtJYxMCSUdWzpBN1FyrNdhQ1m1g87tt [ORM]2016/12/20 00:04:21  -[Queries/default] - [  OK /    db.Query /     0.9ms] - [SELECT T0.`id`, T0.`site_id`, T0.`customer_code`, T0.`task_type`, T0.`action`, T0.`status`, T0.`try_count`, T0.`set_timer`, T0.`modified_at` FROM `bbs_task` T0 WHERE T0.`set_timer` < ? AND ( T0.`status` = ? OR ( T0.`status` = ? AND T0.`try_count` < ? ) ) ORDER BY T0.`status` ASC, T0.`id` ASC LIMIT 1] - `1482163461159`, `0`, `3`, `3`

2016/12/20 00:04:21 [N] [task.go:60] 8qtJYxMCSUdWzpBN1FyrNdhQ1m1g87tt  Not found task info.
2016/12/20 00:04:41 [I] [task.go:52] 7IHjZHxBwFUSENr34THi5cOAZMV7SuXC  Start processing tasks
2016/12/20 00:04:41 [E] [bbs.go:51] 7IHjZHxBwFUSENr34THi5cOAZMV7SuXC  GetCache value Assertion error
2016/12/20 00:04:41 [I] [log.go:166] 7IHjZHxBwFUSENr34THi5cOAZMV7SuXC [ORM]2016/12/20 00:04:41  -[Queries/default] - [  OK /    db.Query /     0.9ms] - [SELECT T0.`id`, T0.`site_id`, T0.`board_id`, T0.`title`, T0.`description`, T0.`content`, T0.`publish_scope`, T0.`msg_count`, T0.`attachments`, T0.`user_id`, T0.`created_at`, T0.`publish_at`, T0.`modified_at`, T0.`set_timer`, T0.`category`, T0.`type`, T0.`is_deleted`, T0.`status`, T0.`comment_enabled` FROM `bbs_bbs` T0 WHERE T0.`id` = ? LIMIT 1] - `13`

2016/12/20 00:04:41 [I] [log.go:166] 7IHjZHxBwFUSENr34THi5cOAZMV7SuXC [ORM]2016/12/20 00:04:41  -[Queries/default] - [  OK /    db.Query /     0.0ms] - [SELECT T0.`id`, T0.`site_id`, T0.`customer_code`, T0.`task_type`, T0.`action`, T0.`status`, T0.`try_count`, T0.`set_timer`, T0.`modified_at` FROM `bbs_task` T0 WHERE T0.`set_timer` < ? AND ( T0.`status` = ? OR ( T0.`status` = ? AND T0.`try_count` < ? ) ) ORDER BY T0.`status` ASC, T0.`id` ASC LIMIT 1] - `1482163481215`, `0`, `3`, `3`

2016/12/20 00:04:41 [N] [task.go:60] 7IHjZHxBwFUSENr34THi5cOAZMV7SuXC  Not found task info.
2016/12/20 00:05:57 [I] [task.go:52] a6jlzYFQfZXey5SpM15jXEMOHI2auNzX  Start processing tasks
2016/12/20 00:05:57 [I] [log.go:166] a6jlzYFQfZXey5SpM15jXEMOHI2auNzX [ORM]2016/12/20 00:05:57  -[Queries/default] - [  OK /    db.Query /     1.0ms] - [SELECT T0.`id`, T0.`site_id`, T0.`customer_code`, T0.`task_type`, T0.`action`, T0.`status`, T0.`try_count`, T0.`set_timer`, T0.`modified_at` FROM `bbs_task` T0 WHERE T0.`set_timer` < ? AND ( T0.`status` = ? OR ( T0.`status` = ? AND T0.`try_count` < ? ) ) ORDER BY T0.`status` ASC, T0.`id` ASC LIMIT 1] - `1482163557446`, `0`, `3`, `3`

2016/12/20 00:05:57 [N] [task.go:60] a6jlzYFQfZXey5SpM15jXEMOHI2auNzX  Not found task info.
