2017/01/21 10:19:10 [I] [task.go:51] jrrnAynKU8UDrRYnIsmLd9devyAmlET4  Start processing tasks
2017/01/21 10:19:10 [I] [log.go:166] jrrnAynKU8UDrRYnIsmLd9devyAmlET4 [ORM]2017/01/21 10:19:10  - 2017-01-21 10:19:10 - [Queries/default] - [  OK /     db.Exec /   102.0ms] - [UPDATE `bbs_task` T0 SET T0.`status` = ?, T0.`modified_at` = ? WHERE T0.`status` = ? AND T0.`modified_at` < ? ] - `3`, `1484965150378`, `1`, `1484957950378`

2017/01/21 10:19:10 [N] [queue.go:65] Model info error: task 0 <QuerySeter> no row found
2017/01/21 10:19:10 [I] [log.go:166] jrrnAynKU8UDrRYnIsmLd9devyAmlET4 [ORM]2017/01/21 10:19:10  - 2017-01-21 10:19:10 - [Queries/default] - [  OK /    db.Query /     8.0ms] - [SELECT T0.`id`, T0.`site_id`, T0.`customer_code`, T0.`task_type`, T0.`action`, T0.`status`, T0.`try_count`, T0.`set_timer`, T0.`modified_at` FROM `bbs_task` T0 WHERE T0.`set_timer` < ? AND ( T0.`status` = ? OR ( T0.`status` = ? AND T0.`try_count` < ? ) ) ORDER BY T0.`status` ASC, T0.`id` ASC LIMIT 1] - `1484965150481`, `0`, `3`, `3`

2017/01/21 10:19:10 [I] [log.go:166] jrrnAynKU8UDrRYnIsmLd9devyAmlET4 [ORM]2017/01/21 10:19:10  - 2017-01-21 10:19:10 - [Queries/default] - [  OK /     db.Exec /    47.0ms] - [UPDATE `bbs_task` T0 SET T0.`modified_at` = ?, T0.`try_count` = T0.`try_count` + ?, T0.`status` = ? WHERE T0.`id` = ? AND T0.`status` = ? AND T0.`modified_at` = ? ] - `1484965150489`, `1`, `1`, `1711`, `0`, `1484963730720`

2017/01/21 10:19:10 [I] [task.go:51] jrrnAynKU8UDrRYnIsmLd9devyAmlET4  Start checkTask
2017/01/21 10:19:10 [I] [task.go:51] jrrnAynKU8UDrRYnIsmLd9devyAmlET4  Start runTask
2017/01/21 10:19:10 [I] [task.go:65] jrrnAynKU8UDrRYnIsmLd9devyAmlET4  Start NewTask
2017/01/21 10:19:10 [I] [task.go:65] jrrnAynKU8UDrRYnIsmLd9devyAmlET4  Start GetPublishScopeUsers
2017/01/21 10:19:10 [I] [task.go:65] jrrnAynKU8UDrRYnIsmLd9devyAmlET4  Start CreateRelation
2017/01/21 10:19:10 [I] [task.go:65] jrrnAynKU8UDrRYnIsmLd9devyAmlET4  Start Begin
2017/01/21 10:19:10 [I] [log.go:166] jrrnAynKU8UDrRYnIsmLd9devyAmlET4 [ORM]2017/01/21 10:19:10  - 2017-01-21 10:19:10 - [Queries/default] - [  OK /    db.Begin /     5.0ms] - [START TRANSACTION]

2017/01/21 10:19:10 [I] [task.go:65] jrrnAynKU8UDrRYnIsmLd9devyAmlET4  Start CreateFeed
2017/01/21 10:19:10 [I] [task.go:65] jrrnAynKU8UDrRYnIsmLd9devyAmlET4  Start CreateUnread
2017/01/21 10:19:10 [I] [task.go:65] jrrnAynKU8UDrRYnIsmLd9devyAmlET4  Start UpdateStatus
2017/01/21 10:19:10 [I] [task.go:65] jrrnAynKU8UDrRYnIsmLd9devyAmlET4  Start Commit
2017/01/21 10:19:10 [I] [log.go:166] jrrnAynKU8UDrRYnIsmLd9devyAmlET4 [ORM]2017/01/21 10:19:10  - 2017-01-21 10:19:10 - [Queries/default] - [  OK /   tx.Commit /     0.0ms] - [COMMIT]

2017/01/21 10:19:10 [I] [task.go:65] jrrnAynKU8UDrRYnIsmLd9devyAmlET4  Start Delete task
2017/01/21 10:19:10 [I] [task.go:65] jrrnAynKU8UDrRYnIsmLd9devyAmlET4  Start SendMsg
2017/01/21 10:19:10 [I] [task.go:51] jrrnAynKU8UDrRYnIsmLd9devyAmlET4  Successful
2017/01/21 10:19:12 [I] [task.go:51] FrXG3WAgARblQqaP2vvPeKeopp4Ymndo  Start processing tasks
2017/01/21 10:19:12 [I] [log.go:166] FrXG3WAgARblQqaP2vvPeKeopp4Ymndo [ORM]2017/01/21 10:19:12  - 2017-01-21 10:19:12 - [Queries/default] - [  OK /     db.Exec /     5.0ms] - [UPDATE `bbs_task` T0 SET T0.`status` = ?, T0.`modified_at` = ? WHERE T0.`status` = ? AND T0.`modified_at` < ? ] - `3`, `1484965152556`, `1`, `1484957952556`

2017/01/21 10:19:12 [N] [queue.go:65] Model info error: task 0 <QuerySeter> no row found
2017/01/21 10:19:12 [I] [log.go:166] FrXG3WAgARblQqaP2vvPeKeopp4Ymndo [ORM]2017/01/21 10:19:12  - 2017-01-21 10:19:12 - [Queries/default] - [  OK /    db.Query /     3.0ms] - [SELECT T0.`id`, T0.`site_id`, T0.`customer_code`, T0.`task_type`, T0.`action`, T0.`status`, T0.`try_count`, T0.`set_timer`, T0.`modified_at` FROM `bbs_task` T0 WHERE T0.`set_timer` < ? AND ( T0.`status` = ? OR ( T0.`status` = ? AND T0.`try_count` < ? ) ) ORDER BY T0.`status` ASC, T0.`id` ASC LIMIT 1] - `1484965152561`, `0`, `3`, `3`

2017/01/21 10:19:12 [I] [log.go:166] FrXG3WAgARblQqaP2vvPeKeopp4Ymndo [ORM]2017/01/21 10:19:12  - 2017-01-21 10:19:12 - [Queries/default] - [  OK /     db.Exec /     7.0ms] - [UPDATE `bbs_task` T0 SET T0.`try_count` = T0.`try_count` + ?, T0.`status` = ?, T0.`modified_at` = ? WHERE T0.`id` = ? AND T0.`status` = ? AND T0.`modified_at` = ? ] - `1`, `1`, `1484965152565`, `1712`, `0`, `1484963730720`

2017/01/21 10:19:12 [I] [task.go:51] FrXG3WAgARblQqaP2vvPeKeopp4Ymndo  Start checkTask
2017/01/21 10:19:12 [I] [task.go:51] FrXG3WAgARblQqaP2vvPeKeopp4Ymndo  Start runTask
2017/01/21 10:19:12 [I] [task.go:65] FrXG3WAgARblQqaP2vvPeKeopp4Ymndo  Start NewTask
2017/01/21 10:19:12 [I] [task.go:65] FrXG3WAgARblQqaP2vvPeKeopp4Ymndo  Start GetPublishScopeUsers
2017/01/21 10:19:12 [I] [task.go:65] FrXG3WAgARblQqaP2vvPeKeopp4Ymndo  Start CreateRelation
2017/01/21 10:19:12 [I] [task.go:65] FrXG3WAgARblQqaP2vvPeKeopp4Ymndo  Start Begin
2017/01/21 10:19:12 [I] [log.go:166] FrXG3WAgARblQqaP2vvPeKeopp4Ymndo [ORM]2017/01/21 10:19:12  - 2017-01-21 10:19:12 - [Queries/default] - [  OK /    db.Begin /     1.0ms] - [START TRANSACTION]

2017/01/21 10:19:12 [I] [task.go:65] FrXG3WAgARblQqaP2vvPeKeopp4Ymndo  Start CreateFeed
2017/01/21 10:19:12 [I] [task.go:65] FrXG3WAgARblQqaP2vvPeKeopp4Ymndo  Start CreateUnread
2017/01/21 10:19:12 [I] [task.go:65] FrXG3WAgARblQqaP2vvPeKeopp4Ymndo  Start UpdateStatus
2017/01/21 10:19:12 [I] [task.go:65] FrXG3WAgARblQqaP2vvPeKeopp4Ymndo  Start Commit
2017/01/21 10:19:12 [I] [log.go:166] FrXG3WAgARblQqaP2vvPeKeopp4Ymndo [ORM]2017/01/21 10:19:12  - 2017-01-21 10:19:12 - [Queries/default] - [  OK /   tx.Commit /     1.0ms] - [COMMIT]

2017/01/21 10:19:12 [I] [task.go:65] FrXG3WAgARblQqaP2vvPeKeopp4Ymndo  Start Delete task
2017/01/21 10:19:12 [I] [task.go:65] FrXG3WAgARblQqaP2vvPeKeopp4Ymndo  Start SendMsg
2017/01/21 10:19:12 [I] [task.go:51] FrXG3WAgARblQqaP2vvPeKeopp4Ymndo  Successful
2017/01/21 10:19:13 [I] [task.go:51] HoSXSDEXjFA2fMQ9HvpG3ZlX0Rk50tFU  Start processing tasks
2017/01/21 10:19:13 [I] [log.go:166] HoSXSDEXjFA2fMQ9HvpG3ZlX0Rk50tFU [ORM]2017/01/21 10:19:13  - 2017-01-21 10:19:13 - [Queries/default] - [  OK /     db.Exec /     5.0ms] - [UPDATE `bbs_task` T0 SET T0.`status` = ?, T0.`modified_at` = ? WHERE T0.`status` = ? AND T0.`modified_at` < ? ] - `3`, `1484965153377`, `1`, `1484957953377`

2017/01/21 10:19:13 [N] [queue.go:65] Model info error: task 0 <QuerySeter> no row found
2017/01/21 10:19:13 [I] [log.go:166] HoSXSDEXjFA2fMQ9HvpG3ZlX0Rk50tFU [ORM]2017/01/21 10:19:13  - 2017-01-21 10:19:13 - [Queries/default] - [  OK /    db.Query /     5.0ms] - [SELECT T0.`id`, T0.`site_id`, T0.`customer_code`, T0.`task_type`, T0.`action`, T0.`status`, T0.`try_count`, T0.`set_timer`, T0.`modified_at` FROM `bbs_task` T0 WHERE T0.`set_timer` < ? AND ( T0.`status` = ? OR ( T0.`status` = ? AND T0.`try_count` < ? ) ) ORDER BY T0.`status` ASC, T0.`id` ASC LIMIT 1] - `1484965153382`, `0`, `3`, `3`

2017/01/21 10:19:13 [N] [task.go:57] HoSXSDEXjFA2fMQ9HvpG3ZlX0Rk50tFU  Not found task info.
2017/01/21 10:19:14 [I] [task.go:51] 63y17DX3zEYl4KwIobWxN64y07TflMX2  Start processing tasks
2017/01/21 10:19:14 [I] [log.go:166] 63y17DX3zEYl4KwIobWxN64y07TflMX2 [ORM]2017/01/21 10:19:14  - 2017-01-21 10:19:14 - [Queries/default] - [  OK /     db.Exec /     8.0ms] - [UPDATE `bbs_task` T0 SET T0.`status` = ?, T0.`modified_at` = ? WHERE T0.`status` = ? AND T0.`modified_at` < ? ] - `3`, `1484965154583`, `1`, `1484957954583`

2017/01/21 10:19:14 [N] [queue.go:65] Model info error: task 0 <QuerySeter> no row found
2017/01/21 10:19:14 [I] [log.go:166] 63y17DX3zEYl4KwIobWxN64y07TflMX2 [ORM]2017/01/21 10:19:14  - 2017-01-21 10:19:14 - [Queries/default] - [  OK /    db.Query /     3.0ms] - [SELECT T0.`id`, T0.`site_id`, T0.`customer_code`, T0.`task_type`, T0.`action`, T0.`status`, T0.`try_count`, T0.`set_timer`, T0.`modified_at` FROM `bbs_task` T0 WHERE T0.`set_timer` < ? AND ( T0.`status` = ? OR ( T0.`status` = ? AND T0.`try_count` < ? ) ) ORDER BY T0.`status` ASC, T0.`id` ASC LIMIT 1] - `1484965154591`, `0`, `3`, `3`

2017/01/21 10:19:14 [N] [task.go:57] 63y17DX3zEYl4KwIobWxN64y07TflMX2  Not found task info.
2017/01/21 10:19:15 [I] [task.go:51] MF2jURVEmNQAYeVHACjWpNcf9n9Fcyky  Start processing tasks
2017/01/21 10:19:15 [I] [log.go:166] MF2jURVEmNQAYeVHACjWpNcf9n9Fcyky [ORM]2017/01/21 10:19:15  - 2017-01-21 10:19:15 - [Queries/default] - [  OK /     db.Exec /     3.0ms] - [UPDATE `bbs_task` T0 SET T0.`status` = ?, T0.`modified_at` = ? WHERE T0.`status` = ? AND T0.`modified_at` < ? ] - `3`, `1484965155387`, `1`, `1484957955387`

2017/01/21 10:19:15 [N] [queue.go:65] Model info error: task 0 <QuerySeter> no row found
2017/01/21 10:19:15 [I] [log.go:166] MF2jURVEmNQAYeVHACjWpNcf9n9Fcyky [ORM]2017/01/21 10:19:15  - 2017-01-21 10:19:15 - [Queries/default] - [  OK /    db.Query /     3.0ms] - [SELECT T0.`id`, T0.`site_id`, T0.`customer_code`, T0.`task_type`, T0.`action`, T0.`status`, T0.`try_count`, T0.`set_timer`, T0.`modified_at` FROM `bbs_task` T0 WHERE T0.`set_timer` < ? AND ( T0.`status` = ? OR ( T0.`status` = ? AND T0.`try_count` < ? ) ) ORDER BY T0.`status` ASC, T0.`id` ASC LIMIT 1] - `1484965155390`, `0`, `3`, `3`

2017/01/21 10:19:15 [N] [task.go:57] MF2jURVEmNQAYeVHACjWpNcf9n9Fcyky  Not found task info.
2017/01/21 10:19:16 [I] [task.go:51] zZtYprk8oAT3WzjufG02AiMswiYrgdO2  Start processing tasks
2017/01/21 10:19:16 [I] [log.go:166] zZtYprk8oAT3WzjufG02AiMswiYrgdO2 [ORM]2017/01/21 10:19:16  - 2017-01-21 10:19:16 - [Queries/default] - [  OK /     db.Exec /     2.0ms] - [UPDATE `bbs_task` T0 SET T0.`status` = ?, T0.`modified_at` = ? WHERE T0.`status` = ? AND T0.`modified_at` < ? ] - `3`, `1484965156377`, `1`, `1484957956377`

2017/01/21 10:19:16 [N] [queue.go:65] Model info error: task 0 <QuerySeter> no row found
2017/01/21 10:19:16 [I] [log.go:166] zZtYprk8oAT3WzjufG02AiMswiYrgdO2 [ORM]2017/01/21 10:19:16  - 2017-01-21 10:19:16 - [Queries/default] - [  OK /    db.Query /     3.0ms] - [SELECT T0.`id`, T0.`site_id`, T0.`customer_code`, T0.`task_type`, T0.`action`, T0.`status`, T0.`try_count`, T0.`set_timer`, T0.`modified_at` FROM `bbs_task` T0 WHERE T0.`set_timer` < ? AND ( T0.`status` = ? OR ( T0.`status` = ? AND T0.`try_count` < ? ) ) ORDER BY T0.`status` ASC, T0.`id` ASC LIMIT 1] - `1484965156379`, `0`, `3`, `3`

2017/01/21 10:19:16 [N] [task.go:57] zZtYprk8oAT3WzjufG02AiMswiYrgdO2  Not found task info.
2017/01/21 10:19:16 [I] [task.go:51] 8w2Nj1ilRnfGfG1Yl95rDAL4UHtHUcDL  Start processing tasks
2017/01/21 10:19:16 [I] [log.go:166] 8w2Nj1ilRnfGfG1Yl95rDAL4UHtHUcDL [ORM]2017/01/21 10:19:16  - 2017-01-21 10:19:16 - [Queries/default] - [  OK /     db.Exec /     2.0ms] - [UPDATE `bbs_task` T0 SET T0.`status` = ?, T0.`modified_at` = ? WHERE T0.`status` = ? AND T0.`modified_at` < ? ] - `3`, `1484965156595`, `1`, `1484957956595`

2017/01/21 10:19:16 [N] [queue.go:65] Model info error: task 0 <QuerySeter> no row found
2017/01/21 10:19:16 [I] [log.go:166] 8w2Nj1ilRnfGfG1Yl95rDAL4UHtHUcDL [ORM]2017/01/21 10:19:16  - 2017-01-21 10:19:16 - [Queries/default] - [  OK /    db.Query /     4.0ms] - [SELECT T0.`id`, T0.`site_id`, T0.`customer_code`, T0.`task_type`, T0.`action`, T0.`status`, T0.`try_count`, T0.`set_timer`, T0.`modified_at` FROM `bbs_task` T0 WHERE T0.`set_timer` < ? AND ( T0.`status` = ? OR ( T0.`status` = ? AND T0.`try_count` < ? ) ) ORDER BY T0.`status` ASC, T0.`id` ASC LIMIT 1] - `1484965156597`, `0`, `3`, `3`

2017/01/21 10:19:16 [N] [task.go:57] 8w2Nj1ilRnfGfG1Yl95rDAL4UHtHUcDL  Not found task info.
2017/01/21 10:19:17 [I] [task.go:51] jGrUBueSLojAQmp717rOElpPnS6VY3pv  Start processing tasks
2017/01/21 10:19:17 [I] [log.go:166] jGrUBueSLojAQmp717rOElpPnS6VY3pv [ORM]2017/01/21 10:19:17  - 2017-01-21 10:19:17 - [Queries/default] - [  OK /     db.Exec /     2.0ms] - [UPDATE `bbs_task` T0 SET T0.`modified_at` = ?, T0.`status` = ? WHERE T0.`status` = ? AND T0.`modified_at` < ? ] - `1484965157393`, `3`, `1`, `1484957957393`

2017/01/21 10:19:17 [N] [queue.go:65] Model info error: task 0 <QuerySeter> no row found
2017/01/21 10:19:17 [I] [log.go:166] jGrUBueSLojAQmp717rOElpPnS6VY3pv [ORM]2017/01/21 10:19:17  - 2017-01-21 10:19:17 - [Queries/default] - [  OK /    db.Query /     2.0ms] - [SELECT T0.`id`, T0.`site_id`, T0.`customer_code`, T0.`task_type`, T0.`action`, T0.`status`, T0.`try_count`, T0.`set_timer`, T0.`modified_at` FROM `bbs_task` T0 WHERE T0.`set_timer` < ? AND ( T0.`status` = ? OR ( T0.`status` = ? AND T0.`try_count` < ? ) ) ORDER BY T0.`status` ASC, T0.`id` ASC LIMIT 1] - `1484965157395`, `0`, `3`, `3`

2017/01/21 10:19:17 [N] [task.go:57] jGrUBueSLojAQmp717rOElpPnS6VY3pv  Not found task info.
2017/01/21 10:19:18 [I] [task.go:51] Eu2yN743E2rceD9IU5VAyEy9MOBLx2oa  Start processing tasks
2017/01/21 10:19:18 [I] [log.go:166] Eu2yN743E2rceD9IU5VAyEy9MOBLx2oa [ORM]2017/01/21 10:19:18  - 2017-01-21 10:19:18 - [Queries/default] - [  OK /     db.Exec /     3.0ms] - [UPDATE `bbs_task` T0 SET T0.`status` = ?, T0.`modified_at` = ? WHERE T0.`status` = ? AND T0.`modified_at` < ? ] - `3`, `1484965158383`, `1`, `1484957958383`

2017/01/21 10:19:18 [N] [queue.go:65] Model info error: task 0 <QuerySeter> no row found
2017/01/21 10:19:18 [I] [log.go:166] Eu2yN743E2rceD9IU5VAyEy9MOBLx2oa [ORM]2017/01/21 10:19:18  - 2017-01-21 10:19:18 - [Queries/default] - [  OK /    db.Query /     3.0ms] - [SELECT T0.`id`, T0.`site_id`, T0.`customer_code`, T0.`task_type`, T0.`action`, T0.`status`, T0.`try_count`, T0.`set_timer`, T0.`modified_at` FROM `bbs_task` T0 WHERE T0.`set_timer` < ? AND ( T0.`status` = ? OR ( T0.`status` = ? AND T0.`try_count` < ? ) ) ORDER BY T0.`status` ASC, T0.`id` ASC LIMIT 1] - `1484965158386`, `0`, `3`, `3`

2017/01/21 10:19:18 [N] [task.go:57] Eu2yN743E2rceD9IU5VAyEy9MOBLx2oa  Not found task info.
2017/01/21 10:19:18 [I] [task.go:51] zMZCfOlG2EcNMEBtNLWvbZBTD2eMIlsa  Start processing tasks
2017/01/21 10:19:18 [I] [log.go:166] zMZCfOlG2EcNMEBtNLWvbZBTD2eMIlsa [ORM]2017/01/21 10:19:18  - 2017-01-21 10:19:18 - [Queries/default] - [  OK /     db.Exec /     2.0ms] - [UPDATE `bbs_task` T0 SET T0.`status` = ?, T0.`modified_at` = ? WHERE T0.`status` = ? AND T0.`modified_at` < ? ] - `3`, `1484965158601`, `1`, `1484957958601`

2017/01/21 10:19:18 [N] [queue.go:65] Model info error: task 0 <QuerySeter> no row found
2017/01/21 10:19:18 [I] [log.go:166] zMZCfOlG2EcNMEBtNLWvbZBTD2eMIlsa [ORM]2017/01/21 10:19:18  - 2017-01-21 10:19:18 - [Queries/default] - [  OK /    db.Query /     7.0ms] - [SELECT T0.`id`, T0.`site_id`, T0.`customer_code`, T0.`task_type`, T0.`action`, T0.`status`, T0.`try_count`, T0.`set_timer`, T0.`modified_at` FROM `bbs_task` T0 WHERE T0.`set_timer` < ? AND ( T0.`status` = ? OR ( T0.`status` = ? AND T0.`try_count` < ? ) ) ORDER BY T0.`status` ASC, T0.`id` ASC LIMIT 1] - `1484965158603`, `0`, `3`, `3`

2017/01/21 10:19:18 [N] [task.go:57] zMZCfOlG2EcNMEBtNLWvbZBTD2eMIlsa  Not found task info.
