2017/01/13 14:35:25 [I] [task.go:52] pqP8dRjwILjgpkU9GNoh60BLMOfsBeDd  Start processing tasks
2017/01/13 14:35:25 [I] [log.go:166] pqP8dRjwILjgpkU9GNoh60BLMOfsBeDd [ORM]2017/01/13 14:35:25  - 2017-01-13 14:35:25 - [Queries/default] - [  OK /     db.Exec /     4.0ms] - [UPDATE `bbs_task` T0 SET T0.`status` = ?, T0.`modified_at` = ? WHERE T0.`status` = ? AND T0.`modified_at` < ? ] - `3`, `1484289325770`, `1`, `1484282125770`

2017/01/13 14:35:25 [N] [queue.go:63] pqP8dRjwILjgpkU9GNoh60BLMOfsBeDd  Model info: <QuerySeter> no row found
2017/01/13 14:35:25 [I] [log.go:166] pqP8dRjwILjgpkU9GNoh60BLMOfsBeDd [ORM]2017/01/13 14:35:25  - 2017-01-13 14:35:25 - [Queries/default] - [  OK /    db.Query /     2.0ms] - [SELECT T0.`id`, T0.`site_id`, T0.`customer_code`, T0.`task_type`, T0.`action`, T0.`status`, T0.`try_count`, T0.`set_timer`, T0.`modified_at` FROM `bbs_task` T0 WHERE T0.`set_timer` < ? AND ( T0.`status` = ? OR ( T0.`status` = ? AND T0.`try_count` < ? ) ) ORDER BY T0.`status` ASC, T0.`id` ASC LIMIT 1] - `1484289325774`, `0`, `3`, `3`

2017/01/13 14:35:25 [N] [task.go:58] pqP8dRjwILjgpkU9GNoh60BLMOfsBeDd  Not found task info.
2017/01/13 14:35:27 [I] [task.go:52] Bfk2691cRhncxnRqCKLBDmtlVzndYOlU  Start processing tasks
2017/01/13 14:35:27 [I] [log.go:166] Bfk2691cRhncxnRqCKLBDmtlVzndYOlU [ORM]2017/01/13 14:35:27  - 2017-01-13 14:35:27 - [Queries/default] - [  OK /     db.Exec /     3.0ms] - [UPDATE `bbs_task` T0 SET T0.`status` = ?, T0.`modified_at` = ? WHERE T0.`status` = ? AND T0.`modified_at` < ? ] - `3`, `1484289327769`, `1`, `1484282127769`

2017/01/13 14:35:27 [N] [queue.go:63] Bfk2691cRhncxnRqCKLBDmtlVzndYOlU  Model info: <QuerySeter> no row found
2017/01/13 14:35:27 [I] [log.go:166] Bfk2691cRhncxnRqCKLBDmtlVzndYOlU [ORM]2017/01/13 14:35:27  - 2017-01-13 14:35:27 - [Queries/default] - [  OK /    db.Query /     2.0ms] - [SELECT T0.`id`, T0.`site_id`, T0.`customer_code`, T0.`task_type`, T0.`action`, T0.`status`, T0.`try_count`, T0.`set_timer`, T0.`modified_at` FROM `bbs_task` T0 WHERE T0.`set_timer` < ? AND ( T0.`status` = ? OR ( T0.`status` = ? AND T0.`try_count` < ? ) ) ORDER BY T0.`status` ASC, T0.`id` ASC LIMIT 1] - `1484289327772`, `0`, `3`, `3`

2017/01/13 14:35:27 [N] [task.go:58] Bfk2691cRhncxnRqCKLBDmtlVzndYOlU  Not found task info.
2017/01/13 14:35:28 [I] [task.go:52] 9sZ8TnfBu8csuVELiSnZT3FIRUJekk11  Start processing tasks
2017/01/13 14:35:28 [I] [log.go:166] 9sZ8TnfBu8csuVELiSnZT3FIRUJekk11 [ORM]2017/01/13 14:35:28  - 2017-01-13 14:35:28 - [Queries/default] - [  OK /     db.Exec /     4.0ms] - [UPDATE `bbs_task` T0 SET T0.`status` = ?, T0.`modified_at` = ? WHERE T0.`status` = ? AND T0.`modified_at` < ? ] - `3`, `1484289328778`, `1`, `1484282128778`

2017/01/13 14:35:28 [N] [queue.go:63] 9sZ8TnfBu8csuVELiSnZT3FIRUJekk11  Model info: <QuerySeter> no row found
2017/01/13 14:35:28 [I] [log.go:166] 9sZ8TnfBu8csuVELiSnZT3FIRUJekk11 [ORM]2017/01/13 14:35:28  - 2017-01-13 14:35:28 - [Queries/default] - [  OK /    db.Query /     3.0ms] - [SELECT T0.`id`, T0.`site_id`, T0.`customer_code`, T0.`task_type`, T0.`action`, T0.`status`, T0.`try_count`, T0.`set_timer`, T0.`modified_at` FROM `bbs_task` T0 WHERE T0.`set_timer` < ? AND ( T0.`status` = ? OR ( T0.`status` = ? AND T0.`try_count` < ? ) ) ORDER BY T0.`status` ASC, T0.`id` ASC LIMIT 1] - `1484289328782`, `0`, `3`, `3`

2017/01/13 14:35:28 [N] [task.go:58] 9sZ8TnfBu8csuVELiSnZT3FIRUJekk11  Not found task info.
2017/01/13 14:35:29 [I] [task.go:52] LPOsI2xvEAm41uQvccsXKFbjHS6qKmCU  Start processing tasks
2017/01/13 14:35:29 [I] [log.go:166] LPOsI2xvEAm41uQvccsXKFbjHS6qKmCU [ORM]2017/01/13 14:35:29  - 2017-01-13 14:35:29 - [Queries/default] - [  OK /     db.Exec /     8.0ms] - [UPDATE `bbs_task` T0 SET T0.`status` = ?, T0.`modified_at` = ? WHERE T0.`status` = ? AND T0.`modified_at` < ? ] - `3`, `1484289329769`, `1`, `1484282129769`

2017/01/13 14:35:29 [N] [queue.go:63] LPOsI2xvEAm41uQvccsXKFbjHS6qKmCU  Model info: <QuerySeter> no row found
2017/01/13 14:35:29 [I] [log.go:166] LPOsI2xvEAm41uQvccsXKFbjHS6qKmCU [ORM]2017/01/13 14:35:29  - 2017-01-13 14:35:29 - [Queries/default] - [  OK /    db.Query /     3.0ms] - [SELECT T0.`id`, T0.`site_id`, T0.`customer_code`, T0.`task_type`, T0.`action`, T0.`status`, T0.`try_count`, T0.`set_timer`, T0.`modified_at` FROM `bbs_task` T0 WHERE T0.`set_timer` < ? AND ( T0.`status` = ? OR ( T0.`status` = ? AND T0.`try_count` < ? ) ) ORDER BY T0.`status` ASC, T0.`id` ASC LIMIT 1] - `1484289329777`, `0`, `3`, `3`

2017/01/13 14:35:29 [N] [task.go:58] LPOsI2xvEAm41uQvccsXKFbjHS6qKmCU  Not found task info.
2017/01/13 14:59:40 [I] [task.go:52] tB3qfs2H3PV61TnbS8O2DpKSdDoSaO2O  Start processing tasks
2017/01/13 14:59:40 [I] [log.go:166] tB3qfs2H3PV61TnbS8O2DpKSdDoSaO2O [ORM]2017/01/13 14:59:40  - 2017-01-13 14:59:40 - [Queries/default] - [  OK /     db.Exec /     3.0ms] - [UPDATE `bbs_task` T0 SET T0.`status` = ?, T0.`modified_at` = ? WHERE T0.`status` = ? AND T0.`modified_at` < ? ] - `3`, `1484290780429`, `1`, `1484283580429`

2017/01/13 14:59:40 [N] [queue.go:63] tB3qfs2H3PV61TnbS8O2DpKSdDoSaO2O  Model info: <QuerySeter> no row found
2017/01/13 14:59:40 [I] [log.go:166] tB3qfs2H3PV61TnbS8O2DpKSdDoSaO2O [ORM]2017/01/13 14:59:40  - 2017-01-13 14:59:40 - [Queries/default] - [  OK /    db.Query /     3.0ms] - [SELECT T0.`id`, T0.`site_id`, T0.`customer_code`, T0.`task_type`, T0.`action`, T0.`status`, T0.`try_count`, T0.`set_timer`, T0.`modified_at` FROM `bbs_task` T0 WHERE T0.`set_timer` < ? AND ( T0.`status` = ? OR ( T0.`status` = ? AND T0.`try_count` < ? ) ) ORDER BY T0.`status` ASC, T0.`id` ASC LIMIT 1] - `1484290780432`, `0`, `3`, `3`

2017/01/13 14:59:40 [N] [task.go:58] tB3qfs2H3PV61TnbS8O2DpKSdDoSaO2O  Not found task info.
2017/01/13 14:59:42 [I] [task.go:52] IUVfq0smmrHybXEPKt7Qrf5qHjsPIGz6  Start processing tasks
2017/01/13 14:59:42 [I] [log.go:166] IUVfq0smmrHybXEPKt7Qrf5qHjsPIGz6 [ORM]2017/01/13 14:59:42  - 2017-01-13 14:59:42 - [Queries/default] - [  OK /     db.Exec /   174.0ms] - [UPDATE `bbs_task` T0 SET T0.`status` = ?, T0.`modified_at` = ? WHERE T0.`status` = ? AND T0.`modified_at` < ? ] - `3`, `1484290782429`, `1`, `1484283582429`

2017/01/13 14:59:42 [N] [queue.go:63] IUVfq0smmrHybXEPKt7Qrf5qHjsPIGz6  Model info: <QuerySeter> no row found
2017/01/13 14:59:42 [I] [log.go:166] IUVfq0smmrHybXEPKt7Qrf5qHjsPIGz6 [ORM]2017/01/13 14:59:42  - 2017-01-13 14:59:42 - [Queries/default] - [  OK /    db.Query /     8.0ms] - [SELECT T0.`id`, T0.`site_id`, T0.`customer_code`, T0.`task_type`, T0.`action`, T0.`status`, T0.`try_count`, T0.`set_timer`, T0.`modified_at` FROM `bbs_task` T0 WHERE T0.`set_timer` < ? AND ( T0.`status` = ? OR ( T0.`status` = ? AND T0.`try_count` < ? ) ) ORDER BY T0.`status` ASC, T0.`id` ASC LIMIT 1] - `1484290782603`, `0`, `3`, `3`

2017/01/13 14:59:42 [N] [task.go:58] IUVfq0smmrHybXEPKt7Qrf5qHjsPIGz6  Not found task info.
2017/01/13 14:59:43 [I] [task.go:52] yA6shvkkUcUU46ripzdx1KgwE7NANWO7  Start processing tasks
2017/01/13 14:59:43 [I] [log.go:166] yA6shvkkUcUU46ripzdx1KgwE7NANWO7 [ORM]2017/01/13 14:59:43  - 2017-01-13 14:59:43 - [Queries/default] - [  OK /     db.Exec /     1.0ms] - [UPDATE `bbs_task` T0 SET T0.`status` = ?, T0.`modified_at` = ? WHERE T0.`status` = ? AND T0.`modified_at` < ? ] - `3`, `1484290783435`, `1`, `1484283583435`

2017/01/13 14:59:43 [N] [queue.go:63] yA6shvkkUcUU46ripzdx1KgwE7NANWO7  Model info: <QuerySeter> no row found
2017/01/13 14:59:43 [I] [log.go:166] yA6shvkkUcUU46ripzdx1KgwE7NANWO7 [ORM]2017/01/13 14:59:43  - 2017-01-13 14:59:43 - [Queries/default] - [  OK /    db.Query /     2.0ms] - [SELECT T0.`id`, T0.`site_id`, T0.`customer_code`, T0.`task_type`, T0.`action`, T0.`status`, T0.`try_count`, T0.`set_timer`, T0.`modified_at` FROM `bbs_task` T0 WHERE T0.`set_timer` < ? AND ( T0.`status` = ? OR ( T0.`status` = ? AND T0.`try_count` < ? ) ) ORDER BY T0.`status` ASC, T0.`id` ASC LIMIT 1] - `1484290783436`, `0`, `3`, `3`

2017/01/13 14:59:43 [N] [task.go:58] yA6shvkkUcUU46ripzdx1KgwE7NANWO7  Not found task info.
2017/01/13 14:59:44 [I] [task.go:52] H0xAzL74gMM6dZwB3orQZKNoxui5CqU2  Start processing tasks
2017/01/13 14:59:44 [I] [log.go:166] H0xAzL74gMM6dZwB3orQZKNoxui5CqU2 [ORM]2017/01/13 14:59:44  - 2017-01-13 14:59:44 - [Queries/default] - [  OK /     db.Exec /     5.0ms] - [UPDATE `bbs_task` T0 SET T0.`status` = ?, T0.`modified_at` = ? WHERE T0.`status` = ? AND T0.`modified_at` < ? ] - `3`, `1484290784431`, `1`, `1484283584431`

2017/01/13 14:59:44 [N] [queue.go:63] H0xAzL74gMM6dZwB3orQZKNoxui5CqU2  Model info: <QuerySeter> no row found
2017/01/13 14:59:44 [I] [log.go:166] H0xAzL74gMM6dZwB3orQZKNoxui5CqU2 [ORM]2017/01/13 14:59:44  - 2017-01-13 14:59:44 - [Queries/default] - [  OK /    db.Query /     3.0ms] - [SELECT T0.`id`, T0.`site_id`, T0.`customer_code`, T0.`task_type`, T0.`action`, T0.`status`, T0.`try_count`, T0.`set_timer`, T0.`modified_at` FROM `bbs_task` T0 WHERE T0.`set_timer` < ? AND ( T0.`status` = ? OR ( T0.`status` = ? AND T0.`try_count` < ? ) ) ORDER BY T0.`status` ASC, T0.`id` ASC LIMIT 1] - `1484290784436`, `0`, `3`, `3`

2017/01/13 14:59:44 [N] [task.go:58] H0xAzL74gMM6dZwB3orQZKNoxui5CqU2  Not found task info.
2017/01/13 15:00:14 [I] [task.go:52] Lfoon4LT8EE5eGGHj6Iiucg7D2Jbx57M  Start processing tasks
2017/01/13 15:00:14 [I] [log.go:166] Lfoon4LT8EE5eGGHj6Iiucg7D2Jbx57M [ORM]2017/01/13 15:00:14  - 2017-01-13 15:00:14 - [Queries/default] - [  OK /     db.Exec /    10.0ms] - [UPDATE `bbs_task` T0 SET T0.`status` = ?, T0.`modified_at` = ? WHERE T0.`status` = ? AND T0.`modified_at` < ? ] - `3`, `1484290814805`, `1`, `1484283614805`

2017/01/13 15:00:14 [N] [queue.go:63] Lfoon4LT8EE5eGGHj6Iiucg7D2Jbx57M  Model info: <QuerySeter> no row found
2017/01/13 15:00:14 [I] [log.go:166] Lfoon4LT8EE5eGGHj6Iiucg7D2Jbx57M [ORM]2017/01/13 15:00:14  - 2017-01-13 15:00:14 - [Queries/default] - [  OK /    db.Query /     3.0ms] - [SELECT T0.`id`, T0.`site_id`, T0.`customer_code`, T0.`task_type`, T0.`action`, T0.`status`, T0.`try_count`, T0.`set_timer`, T0.`modified_at` FROM `bbs_task` T0 WHERE T0.`set_timer` < ? AND ( T0.`status` = ? OR ( T0.`status` = ? AND T0.`try_count` < ? ) ) ORDER BY T0.`status` ASC, T0.`id` ASC LIMIT 1] - `1484290814815`, `0`, `3`, `3`

2017/01/13 15:00:14 [N] [task.go:58] Lfoon4LT8EE5eGGHj6Iiucg7D2Jbx57M  Not found task info.
2017/01/13 15:00:16 [I] [task.go:52] Fco1LnL7MjxSxgM7fE3uuZSNagd7gpa0  Start processing tasks
2017/01/13 15:00:16 [I] [log.go:166] Fco1LnL7MjxSxgM7fE3uuZSNagd7gpa0 [ORM]2017/01/13 15:00:16  - 2017-01-13 15:00:16 - [Queries/default] - [  OK /     db.Exec /     2.0ms] - [UPDATE `bbs_task` T0 SET T0.`status` = ?, T0.`modified_at` = ? WHERE T0.`status` = ? AND T0.`modified_at` < ? ] - `3`, `1484290816805`, `1`, `1484283616805`

2017/01/13 15:00:16 [N] [queue.go:63] Fco1LnL7MjxSxgM7fE3uuZSNagd7gpa0  Model info: <QuerySeter> no row found
2017/01/13 15:00:16 [I] [log.go:166] Fco1LnL7MjxSxgM7fE3uuZSNagd7gpa0 [ORM]2017/01/13 15:00:16  - 2017-01-13 15:00:16 - [Queries/default] - [  OK /    db.Query /     3.0ms] - [SELECT T0.`id`, T0.`site_id`, T0.`customer_code`, T0.`task_type`, T0.`action`, T0.`status`, T0.`try_count`, T0.`set_timer`, T0.`modified_at` FROM `bbs_task` T0 WHERE T0.`set_timer` < ? AND ( T0.`status` = ? OR ( T0.`status` = ? AND T0.`try_count` < ? ) ) ORDER BY T0.`status` ASC, T0.`id` ASC LIMIT 1] - `1484290816808`, `0`, `3`, `3`

2017/01/13 15:00:16 [N] [task.go:58] Fco1LnL7MjxSxgM7fE3uuZSNagd7gpa0  Not found task info.
2017/01/13 15:00:17 [I] [task.go:52] YtTwrX1Son5w6GOQLPJCkt7WMMFHHLAb  Start processing tasks
2017/01/13 15:00:17 [I] [log.go:166] YtTwrX1Son5w6GOQLPJCkt7WMMFHHLAb [ORM]2017/01/13 15:00:17  - 2017-01-13 15:00:17 - [Queries/default] - [  OK /     db.Exec /     3.0ms] - [UPDATE `bbs_task` T0 SET T0.`status` = ?, T0.`modified_at` = ? WHERE T0.`status` = ? AND T0.`modified_at` < ? ] - `3`, `1484290817818`, `1`, `1484283617818`

2017/01/13 15:00:17 [N] [queue.go:63] YtTwrX1Son5w6GOQLPJCkt7WMMFHHLAb  Model info: <QuerySeter> no row found
2017/01/13 15:00:17 [I] [log.go:166] YtTwrX1Son5w6GOQLPJCkt7WMMFHHLAb [ORM]2017/01/13 15:00:17  - 2017-01-13 15:00:17 - [Queries/default] - [  OK /    db.Query /     2.0ms] - [SELECT T0.`id`, T0.`site_id`, T0.`customer_code`, T0.`task_type`, T0.`action`, T0.`status`, T0.`try_count`, T0.`set_timer`, T0.`modified_at` FROM `bbs_task` T0 WHERE T0.`set_timer` < ? AND ( T0.`status` = ? OR ( T0.`status` = ? AND T0.`try_count` < ? ) ) ORDER BY T0.`status` ASC, T0.`id` ASC LIMIT 1] - `1484290817821`, `0`, `3`, `3`

2017/01/13 15:00:17 [N] [task.go:58] YtTwrX1Son5w6GOQLPJCkt7WMMFHHLAb  Not found task info.
2017/01/13 19:19:55 [I] [task.go:52] 98EhvnjZFUw7eh1icDoStBsgZndWL3DY  Start processing tasks
2017/01/13 19:19:55 [I] [log.go:166] 98EhvnjZFUw7eh1icDoStBsgZndWL3DY [ORM]2017/01/13 19:19:55  - 2017-01-13 19:19:55 - [Queries/default] - [  OK /     db.Exec /     3.0ms] - [UPDATE `bbs_task` T0 SET T0.`status` = ?, T0.`modified_at` = ? WHERE T0.`status` = ? AND T0.`modified_at` < ? ] - `3`, `1484306395318`, `1`, `1484299195318`

2017/01/13 19:19:55 [N] [queue.go:63] 98EhvnjZFUw7eh1icDoStBsgZndWL3DY  Model info: <QuerySeter> no row found
2017/01/13 19:19:55 [I] [log.go:166] 98EhvnjZFUw7eh1icDoStBsgZndWL3DY [ORM]2017/01/13 19:19:55  - 2017-01-13 19:19:55 - [Queries/default] - [  OK /    db.Query /     3.0ms] - [SELECT T0.`id`, T0.`site_id`, T0.`customer_code`, T0.`task_type`, T0.`action`, T0.`status`, T0.`try_count`, T0.`set_timer`, T0.`modified_at` FROM `bbs_task` T0 WHERE T0.`set_timer` < ? AND ( T0.`status` = ? OR ( T0.`status` = ? AND T0.`try_count` < ? ) ) ORDER BY T0.`status` ASC, T0.`id` ASC LIMIT 1] - `1484306395321`, `0`, `3`, `3`

2017/01/13 19:19:55 [N] [task.go:58] 98EhvnjZFUw7eh1icDoStBsgZndWL3DY  Not found task info.
2017/01/13 19:19:57 [I] [task.go:52] OEydfR755jtzOfD2TvUp8kXbpkSiITOl  Start processing tasks
2017/01/13 19:19:57 [I] [log.go:166] OEydfR755jtzOfD2TvUp8kXbpkSiITOl [ORM]2017/01/13 19:19:57  - 2017-01-13 19:19:57 - [Queries/default] - [  OK /     db.Exec /     3.0ms] - [UPDATE `bbs_task` T0 SET T0.`status` = ?, T0.`modified_at` = ? WHERE T0.`status` = ? AND T0.`modified_at` < ? ] - `3`, `1484306397318`, `1`, `1484299197318`

2017/01/13 19:19:57 [N] [queue.go:63] OEydfR755jtzOfD2TvUp8kXbpkSiITOl  Model info: <QuerySeter> no row found
2017/01/13 19:19:57 [I] [log.go:166] OEydfR755jtzOfD2TvUp8kXbpkSiITOl [ORM]2017/01/13 19:19:57  - 2017-01-13 19:19:57 - [Queries/default] - [  OK /    db.Query /     4.0ms] - [SELECT T0.`id`, T0.`site_id`, T0.`customer_code`, T0.`task_type`, T0.`action`, T0.`status`, T0.`try_count`, T0.`set_timer`, T0.`modified_at` FROM `bbs_task` T0 WHERE T0.`set_timer` < ? AND ( T0.`status` = ? OR ( T0.`status` = ? AND T0.`try_count` < ? ) ) ORDER BY T0.`status` ASC, T0.`id` ASC LIMIT 1] - `1484306397321`, `0`, `3`, `3`

2017/01/13 19:19:57 [N] [task.go:58] OEydfR755jtzOfD2TvUp8kXbpkSiITOl  Not found task info.
2017/01/13 19:19:58 [I] [task.go:52] CwpAXZurimhspg7kJixYlsQuoNLzrdfm  Start processing tasks
2017/01/13 19:19:58 [I] [log.go:166] CwpAXZurimhspg7kJixYlsQuoNLzrdfm [ORM]2017/01/13 19:19:58  - 2017-01-13 19:19:58 - [Queries/default] - [  OK /     db.Exec /     3.0ms] - [UPDATE `bbs_task` T0 SET T0.`status` = ?, T0.`modified_at` = ? WHERE T0.`status` = ? AND T0.`modified_at` < ? ] - `3`, `1484306398324`, `1`, `1484299198324`

2017/01/13 19:19:58 [N] [queue.go:63] CwpAXZurimhspg7kJixYlsQuoNLzrdfm  Model info: <QuerySeter> no row found
2017/01/13 19:19:58 [I] [log.go:166] CwpAXZurimhspg7kJixYlsQuoNLzrdfm [ORM]2017/01/13 19:19:58  - 2017-01-13 19:19:58 - [Queries/default] - [  OK /    db.Query /     3.0ms] - [SELECT T0.`id`, T0.`site_id`, T0.`customer_code`, T0.`task_type`, T0.`action`, T0.`status`, T0.`try_count`, T0.`set_timer`, T0.`modified_at` FROM `bbs_task` T0 WHERE T0.`set_timer` < ? AND ( T0.`status` = ? OR ( T0.`status` = ? AND T0.`try_count` < ? ) ) ORDER BY T0.`status` ASC, T0.`id` ASC LIMIT 1] - `1484306398327`, `0`, `3`, `3`

2017/01/13 19:19:58 [N] [task.go:58] CwpAXZurimhspg7kJixYlsQuoNLzrdfm  Not found task info.
2017/01/13 19:19:59 [I] [task.go:52] 8inP16bV2pMB1AcBE8FMYVSdx5s66PDr  Start processing tasks
2017/01/13 19:19:59 [I] [log.go:166] 8inP16bV2pMB1AcBE8FMYVSdx5s66PDr [ORM]2017/01/13 19:19:59  - 2017-01-13 19:19:59 - [Queries/default] - [  OK /     db.Exec /     4.0ms] - [UPDATE `bbs_task` T0 SET T0.`modified_at` = ?, T0.`status` = ? WHERE T0.`status` = ? AND T0.`modified_at` < ? ] - `1484306399318`, `3`, `1`, `1484299199318`

2017/01/13 19:19:59 [N] [queue.go:63] 8inP16bV2pMB1AcBE8FMYVSdx5s66PDr  Model info: <QuerySeter> no row found
2017/01/13 19:19:59 [I] [log.go:166] 8inP16bV2pMB1AcBE8FMYVSdx5s66PDr [ORM]2017/01/13 19:19:59  - 2017-01-13 19:19:59 - [Queries/default] - [  OK /    db.Query /     3.0ms] - [SELECT T0.`id`, T0.`site_id`, T0.`customer_code`, T0.`task_type`, T0.`action`, T0.`status`, T0.`try_count`, T0.`set_timer`, T0.`modified_at` FROM `bbs_task` T0 WHERE T0.`set_timer` < ? AND ( T0.`status` = ? OR ( T0.`status` = ? AND T0.`try_count` < ? ) ) ORDER BY T0.`status` ASC, T0.`id` ASC LIMIT 1] - `1484306399322`, `0`, `3`, `3`

2017/01/13 19:19:59 [N] [task.go:58] 8inP16bV2pMB1AcBE8FMYVSdx5s66PDr  Not found task info.
2017/01/13 19:20:00 [I] [task.go:52] ok0wsW9n4dHPWnbh33VFmbI0HNjIc49n  Start processing tasks
2017/01/13 19:20:00 [I] [log.go:166] ok0wsW9n4dHPWnbh33VFmbI0HNjIc49n [ORM]2017/01/13 19:20:00  - 2017-01-13 19:20:00 - [Queries/default] - [  OK /     db.Exec /     1.0ms] - [UPDATE `bbs_task` T0 SET T0.`status` = ?, T0.`modified_at` = ? WHERE T0.`status` = ? AND T0.`modified_at` < ? ] - `3`, `1484306400325`, `1`, `1484299200325`

2017/01/13 19:20:00 [N] [queue.go:63] ok0wsW9n4dHPWnbh33VFmbI0HNjIc49n  Model info: <QuerySeter> no row found
2017/01/13 19:20:00 [I] [log.go:166] ok0wsW9n4dHPWnbh33VFmbI0HNjIc49n [ORM]2017/01/13 19:20:00  - 2017-01-13 19:20:00 - [Queries/default] - [  OK /    db.Query /     5.0ms] - [SELECT T0.`id`, T0.`site_id`, T0.`customer_code`, T0.`task_type`, T0.`action`, T0.`status`, T0.`try_count`, T0.`set_timer`, T0.`modified_at` FROM `bbs_task` T0 WHERE T0.`set_timer` < ? AND ( T0.`status` = ? OR ( T0.`status` = ? AND T0.`try_count` < ? ) ) ORDER BY T0.`status` ASC, T0.`id` ASC LIMIT 1] - `1484306400326`, `0`, `3`, `3`

2017/01/13 19:20:00 [N] [task.go:58] ok0wsW9n4dHPWnbh33VFmbI0HNjIc49n  Not found task info.
2017/01/13 19:20:01 [I] [task.go:52] ad780zybU3ec7Lq9qQn2uIJYIH08SzoG  Start processing tasks
2017/01/13 19:20:01 [I] [log.go:166] ad780zybU3ec7Lq9qQn2uIJYIH08SzoG [ORM]2017/01/13 19:20:01  - 2017-01-13 19:20:01 - [Queries/default] - [  OK /     db.Exec /     3.0ms] - [UPDATE `bbs_task` T0 SET T0.`status` = ?, T0.`modified_at` = ? WHERE T0.`status` = ? AND T0.`modified_at` < ? ] - `3`, `1484306401318`, `1`, `1484299201318`

2017/01/13 19:20:01 [N] [queue.go:63] ad780zybU3ec7Lq9qQn2uIJYIH08SzoG  Model info: <QuerySeter> no row found
2017/01/13 19:20:01 [I] [log.go:166] ad780zybU3ec7Lq9qQn2uIJYIH08SzoG [ORM]2017/01/13 19:20:01  - 2017-01-13 19:20:01 - [Queries/default] - [  OK /    db.Query /     5.0ms] - [SELECT T0.`id`, T0.`site_id`, T0.`customer_code`, T0.`task_type`, T0.`action`, T0.`status`, T0.`try_count`, T0.`set_timer`, T0.`modified_at` FROM `bbs_task` T0 WHERE T0.`set_timer` < ? AND ( T0.`status` = ? OR ( T0.`status` = ? AND T0.`try_count` < ? ) ) ORDER BY T0.`status` ASC, T0.`id` ASC LIMIT 1] - `1484306401321`, `0`, `3`, `3`

2017/01/13 19:20:01 [N] [task.go:58] ad780zybU3ec7Lq9qQn2uIJYIH08SzoG  Not found task info.
2017/01/13 19:20:01 [I] [task.go:52] lPQXjDAH6J2r3tnh4Me52MAyY1AXaTQr  Start processing tasks
2017/01/13 19:20:01 [I] [log.go:166] lPQXjDAH6J2r3tnh4Me52MAyY1AXaTQr [ORM]2017/01/13 19:20:01  - 2017-01-13 19:20:01 - [Queries/default] - [  OK /     db.Exec /     8.0ms] - [UPDATE `bbs_task` T0 SET T0.`status` = ?, T0.`modified_at` = ? WHERE T0.`status` = ? AND T0.`modified_at` < ? ] - `3`, `1484306401331`, `1`, `1484299201331`

2017/01/13 19:20:01 [N] [queue.go:63] lPQXjDAH6J2r3tnh4Me52MAyY1AXaTQr  Model info: <QuerySeter> no row found
2017/01/13 19:20:01 [I] [log.go:166] lPQXjDAH6J2r3tnh4Me52MAyY1AXaTQr [ORM]2017/01/13 19:20:01  - 2017-01-13 19:20:01 - [Queries/default] - [  OK /    db.Query /    16.0ms] - [SELECT T0.`id`, T0.`site_id`, T0.`customer_code`, T0.`task_type`, T0.`action`, T0.`status`, T0.`try_count`, T0.`set_timer`, T0.`modified_at` FROM `bbs_task` T0 WHERE T0.`set_timer` < ? AND ( T0.`status` = ? OR ( T0.`status` = ? AND T0.`try_count` < ? ) ) ORDER BY T0.`status` ASC, T0.`id` ASC LIMIT 1] - `1484306401339`, `0`, `3`, `3`

2017/01/13 19:20:01 [N] [task.go:58] lPQXjDAH6J2r3tnh4Me52MAyY1AXaTQr  Not found task info.
2017/01/13 19:20:02 [I] [task.go:52] kZZeoBFjyGJBaaLfhAiucOb8ry5mCWH9  Start processing tasks
2017/01/13 19:20:02 [I] [log.go:166] kZZeoBFjyGJBaaLfhAiucOb8ry5mCWH9 [ORM]2017/01/13 19:20:02  - 2017-01-13 19:20:02 - [Queries/default] - [  OK /     db.Exec /     2.0ms] - [UPDATE `bbs_task` T0 SET T0.`status` = ?, T0.`modified_at` = ? WHERE T0.`status` = ? AND T0.`modified_at` < ? ] - `3`, `1484306402326`, `1`, `1484299202326`

2017/01/13 19:20:02 [N] [queue.go:63] kZZeoBFjyGJBaaLfhAiucOb8ry5mCWH9  Model info: <QuerySeter> no row found
2017/01/13 19:20:02 [I] [log.go:166] kZZeoBFjyGJBaaLfhAiucOb8ry5mCWH9 [ORM]2017/01/13 19:20:02  - 2017-01-13 19:20:02 - [Queries/default] - [  OK /    db.Query /     2.0ms] - [SELECT T0.`id`, T0.`site_id`, T0.`customer_code`, T0.`task_type`, T0.`action`, T0.`status`, T0.`try_count`, T0.`set_timer`, T0.`modified_at` FROM `bbs_task` T0 WHERE T0.`set_timer` < ? AND ( T0.`status` = ? OR ( T0.`status` = ? AND T0.`try_count` < ? ) ) ORDER BY T0.`status` ASC, T0.`id` ASC LIMIT 1] - `1484306402328`, `0`, `3`, `3`

2017/01/13 19:20:02 [N] [task.go:58] kZZeoBFjyGJBaaLfhAiucOb8ry5mCWH9  Not found task info.
2017/01/13 19:20:03 [I] [task.go:52] 2yq7InQycqKqbntUAOOHOKppL3mvu7jP  Start processing tasks
2017/01/13 19:20:03 [I] [log.go:166] 2yq7InQycqKqbntUAOOHOKppL3mvu7jP [ORM]2017/01/13 19:20:03  - 2017-01-13 19:20:03 - [Queries/default] - [  OK /     db.Exec /     1.0ms] - [UPDATE `bbs_task` T0 SET T0.`status` = ?, T0.`modified_at` = ? WHERE T0.`status` = ? AND T0.`modified_at` < ? ] - `3`, `1484306403332`, `1`, `1484299203332`

2017/01/13 19:20:03 [N] [queue.go:63] 2yq7InQycqKqbntUAOOHOKppL3mvu7jP  Model info: <QuerySeter> no row found
2017/01/13 19:20:03 [I] [log.go:166] 2yq7InQycqKqbntUAOOHOKppL3mvu7jP [ORM]2017/01/13 19:20:03  - 2017-01-13 19:20:03 - [Queries/default] - [  OK /    db.Query /     2.0ms] - [SELECT T0.`id`, T0.`site_id`, T0.`customer_code`, T0.`task_type`, T0.`action`, T0.`status`, T0.`try_count`, T0.`set_timer`, T0.`modified_at` FROM `bbs_task` T0 WHERE T0.`set_timer` < ? AND ( T0.`status` = ? OR ( T0.`status` = ? AND T0.`try_count` < ? ) ) ORDER BY T0.`status` ASC, T0.`id` ASC LIMIT 1] - `1484306403333`, `0`, `3`, `3`

2017/01/13 19:20:03 [N] [task.go:58] 2yq7InQycqKqbntUAOOHOKppL3mvu7jP  Not found task info.
2017/01/13 19:20:04 [I] [task.go:52] tHg2DVmngJqvSptWTkj5hJ9OckmCphwV  Start processing tasks
2017/01/13 19:20:04 [I] [log.go:166] tHg2DVmngJqvSptWTkj5hJ9OckmCphwV [ORM]2017/01/13 19:20:04  - 2017-01-13 19:20:04 - [Queries/default] - [  OK /     db.Exec /     2.0ms] - [UPDATE `bbs_task` T0 SET T0.`status` = ?, T0.`modified_at` = ? WHERE T0.`status` = ? AND T0.`modified_at` < ? ] - `3`, `1484306404328`, `1`, `1484299204328`

2017/01/13 19:20:04 [N] [queue.go:63] tHg2DVmngJqvSptWTkj5hJ9OckmCphwV  Model info: <QuerySeter> no row found
2017/01/13 19:20:04 [I] [log.go:166] tHg2DVmngJqvSptWTkj5hJ9OckmCphwV [ORM]2017/01/13 19:20:04  - 2017-01-13 19:20:04 - [Queries/default] - [  OK /    db.Query /     2.0ms] - [SELECT T0.`id`, T0.`site_id`, T0.`customer_code`, T0.`task_type`, T0.`action`, T0.`status`, T0.`try_count`, T0.`set_timer`, T0.`modified_at` FROM `bbs_task` T0 WHERE T0.`set_timer` < ? AND ( T0.`status` = ? OR ( T0.`status` = ? AND T0.`try_count` < ? ) ) ORDER BY T0.`status` ASC, T0.`id` ASC LIMIT 1] - `1484306404330`, `0`, `3`, `3`

2017/01/13 19:20:04 [N] [task.go:58] tHg2DVmngJqvSptWTkj5hJ9OckmCphwV  Not found task info.
2017/01/13 19:20:04 [I] [task.go:52] G6tqcoLfQTLeT38GfDhPcFzmvWTbFbNn  Start processing tasks
2017/01/13 19:20:04 [I] [log.go:166] G6tqcoLfQTLeT38GfDhPcFzmvWTbFbNn [ORM]2017/01/13 19:20:04  - 2017-01-13 19:20:04 - [Queries/default] - [  OK /     db.Exec /     2.0ms] - [UPDATE `bbs_task` T0 SET T0.`modified_at` = ?, T0.`status` = ? WHERE T0.`status` = ? AND T0.`modified_at` < ? ] - `1484306404356`, `3`, `1`, `1484299204356`

2017/01/13 19:20:04 [N] [queue.go:63] G6tqcoLfQTLeT38GfDhPcFzmvWTbFbNn  Model info: <QuerySeter> no row found
2017/01/13 19:20:04 [I] [log.go:166] G6tqcoLfQTLeT38GfDhPcFzmvWTbFbNn [ORM]2017/01/13 19:20:04  - 2017-01-13 19:20:04 - [Queries/default] - [  OK /    db.Query /     2.0ms] - [SELECT T0.`id`, T0.`site_id`, T0.`customer_code`, T0.`task_type`, T0.`action`, T0.`status`, T0.`try_count`, T0.`set_timer`, T0.`modified_at` FROM `bbs_task` T0 WHERE T0.`set_timer` < ? AND ( T0.`status` = ? OR ( T0.`status` = ? AND T0.`try_count` < ? ) ) ORDER BY T0.`status` ASC, T0.`id` ASC LIMIT 1] - `1484306404358`, `0`, `3`, `3`

2017/01/13 19:20:04 [N] [task.go:58] G6tqcoLfQTLeT38GfDhPcFzmvWTbFbNn  Not found task info.
2017/01/13 19:20:40 [I] [task.go:52] 0HQF0y4M2H2EdbKxDQuwuxOX5WFDMqXC  Start processing tasks
2017/01/13 19:21:18 [I] [task.go:52] OjxrRz9LFSteIq5cOTk27gsIYqfbv1kX  Start processing tasks
2017/01/13 19:21:18 [I] [log.go:166] OjxrRz9LFSteIq5cOTk27gsIYqfbv1kX [ORM]2017/01/13 19:21:18  - 2017-01-13 19:21:18 - [Queries/default] - [  OK /     db.Exec /     2.0ms] - [UPDATE `bbs_task` T0 SET T0.`status` = ?, T0.`modified_at` = ? WHERE T0.`status` = ? AND T0.`modified_at` < ? ] - `3`, `1484306478771`, `1`, `1484299278771`

2017/01/13 19:21:18 [N] [queue.go:63] OjxrRz9LFSteIq5cOTk27gsIYqfbv1kX  Model info: <QuerySeter> no row found
2017/01/13 19:21:18 [I] [log.go:166] OjxrRz9LFSteIq5cOTk27gsIYqfbv1kX [ORM]2017/01/13 19:21:18  - 2017-01-13 19:21:18 - [Queries/default] - [  OK /    db.Query /     3.0ms] - [SELECT T0.`id`, T0.`site_id`, T0.`customer_code`, T0.`task_type`, T0.`action`, T0.`status`, T0.`try_count`, T0.`set_timer`, T0.`modified_at` FROM `bbs_task` T0 WHERE T0.`set_timer` < ? AND ( T0.`status` = ? OR ( T0.`status` = ? AND T0.`try_count` < ? ) ) ORDER BY T0.`status` ASC, T0.`id` ASC LIMIT 1] - `1484306478773`, `0`, `3`, `3`

2017/01/13 19:21:18 [N] [task.go:58] OjxrRz9LFSteIq5cOTk27gsIYqfbv1kX  Not found task info.
2017/01/13 19:21:20 [I] [task.go:52] uZ3sUu4OkIF4dI6IOKvz3YSdg7Izt1Oh  Start processing tasks
2017/01/13 19:21:20 [I] [log.go:166] uZ3sUu4OkIF4dI6IOKvz3YSdg7Izt1Oh [ORM]2017/01/13 19:21:20  - 2017-01-13 19:21:20 - [Queries/default] - [  OK /     db.Exec /     3.0ms] - [UPDATE `bbs_task` T0 SET T0.`status` = ?, T0.`modified_at` = ? WHERE T0.`status` = ? AND T0.`modified_at` < ? ] - `3`, `1484306480771`, `1`, `1484299280771`

2017/01/13 19:21:20 [N] [queue.go:63] uZ3sUu4OkIF4dI6IOKvz3YSdg7Izt1Oh  Model info: <QuerySeter> no row found
2017/01/13 19:21:20 [I] [log.go:166] uZ3sUu4OkIF4dI6IOKvz3YSdg7Izt1Oh [ORM]2017/01/13 19:21:20  - 2017-01-13 19:21:20 - [Queries/default] - [  OK /    db.Query /     3.0ms] - [SELECT T0.`id`, T0.`site_id`, T0.`customer_code`, T0.`task_type`, T0.`action`, T0.`status`, T0.`try_count`, T0.`set_timer`, T0.`modified_at` FROM `bbs_task` T0 WHERE T0.`set_timer` < ? AND ( T0.`status` = ? OR ( T0.`status` = ? AND T0.`try_count` < ? ) ) ORDER BY T0.`status` ASC, T0.`id` ASC LIMIT 1] - `1484306480774`, `0`, `3`, `3`

2017/01/13 19:21:20 [N] [task.go:58] uZ3sUu4OkIF4dI6IOKvz3YSdg7Izt1Oh  Not found task info.
