2016/11/07 16:24:39 [I] [task.go:49] FwExz8sofPeAGOu5Q5bM5IiZuZ6GZ9Ju Start processing tasks
2016/11/07 16:24:39 [E] [bbs.go:71] publishScopeHandle err,bbsID: 50000975 PublishScopeString {"group_ids":["63669051"],"user_ids":""} json: cannot unmarshal array into Go value of type string
2016/11/07 16:24:39 [E] [bbs.go:26] FwExz8sofPeAGOu5Q5bM5IiZuZ6GZ9Ju getBbsInfo error  err is json: cannot unmarshal array into Go value of type string
2016/11/07 16:24:39 [E] [task.go:102] FwExz8sofPeAGOu5Q5bM5IiZuZ6GZ9Ju json: cannot unmarshal array into Go value of type string
2016/11/07 16:24:41 [I] [task.go:49] xkciFNhldlBFt61XICrjz0L5S3OvmhEx Start processing tasks
2016/11/07 16:24:41 [N] [task.go:70] xkciFNhldlBFt61XICrjz0L5S3OvmhEx Not found task info.
2016/11/07 16:24:43 [I] [task.go:49] urlI6Fk2ui3oCBVXyGIOqXL0sCOhM53m Start processing tasks
2016/11/07 16:24:43 [N] [task.go:70] urlI6Fk2ui3oCBVXyGIOqXL0sCOhM53m Not found task info.
2016/11/07 16:24:45 [I] [task.go:49] TlwCGRDqjEqJ1G8xJ9fMiQyDbQX9RUu3 Start processing tasks
2016/11/07 16:24:45 [N] [task.go:70] TlwCGRDqjEqJ1G8xJ9fMiQyDbQX9RUu3 Not found task info.
2016/11/07 16:27:57 [I] [task.go:49] goI9Q650VfxiHxCfJvlHJu1WIAeRHhbK Start processing tasks
2016/11/07 16:27:57 [E] [bbs.go:26] goI9Q650VfxiHxCfJvlHJu1WIAeRHhbK getBbsInfo error  err is json: cannot unmarshal array into Go value of type string
2016/11/07 16:27:57 [E] [task.go:102] goI9Q650VfxiHxCfJvlHJu1WIAeRHhbK json: cannot unmarshal array into Go value of type string
2016/11/07 16:27:59 [I] [task.go:49] 6MkzcaaxZ9arQQgnO5pZBiUbUrEHlSJn Start processing tasks
2016/11/07 16:27:59 [N] [task.go:70] 6MkzcaaxZ9arQQgnO5pZBiUbUrEHlSJn Not found task info.
2016/11/07 16:28:01 [I] [task.go:49] NHsHRGYnmorHW5vyBhiMMWmQz6P5Rb7B Start processing tasks
2016/11/07 16:28:01 [N] [task.go:70] NHsHRGYnmorHW5vyBhiMMWmQz6P5Rb7B Not found task info.
2016/11/07 16:29:20 [I] [task.go:49] LnP17zQSOO60FTnlxc0jeRyq3W22spDQ Start processing tasks
2016/11/07 16:29:20 [E] [bbs.go:26] LnP17zQSOO60FTnlxc0jeRyq3W22spDQ getBbsInfo error json: cannot unmarshal array into Go value of type string
2016/11/07 16:29:20 [E] [task.go:102] LnP17zQSOO60FTnlxc0jeRyq3W22spDQ json: cannot unmarshal array into Go value of type string
2016/11/07 16:29:22 [I] [task.go:49] wTvQqoCnNpa08PrMLt7Tm3bxHTuOyYMu Start processing tasks
2016/11/07 16:29:22 [N] [task.go:70] wTvQqoCnNpa08PrMLt7Tm3bxHTuOyYMu Not found task info.
2016/11/07 16:29:24 [I] [task.go:49] tDCFfSa7lfJa203R9s4zwYab884fpfYQ Start processing tasks
2016/11/07 16:29:24 [N] [task.go:70] tDCFfSa7lfJa203R9s4zwYab884fpfYQ Not found task info.
2016/11/07 16:29:26 [I] [task.go:49] vPZy99chOJ2f36yR5pZxsOBIXOdV9Q4s Start processing tasks
2016/11/07 16:29:26 [N] [task.go:70] vPZy99chOJ2f36yR5pZxsOBIXOdV9Q4s Not found task info.
2016/11/07 16:30:44 [I] [task.go:49] dnsZUtE0E9ap3NVn6zIcfMLIPmREn3zv Start processing tasks
2016/11/07 16:30:44 [N] [task.go:70] dnsZUtE0E9ap3NVn6zIcfMLIPmREn3zv Not found task info.
2016/11/07 16:30:46 [I] [task.go:49] ZJ8LrLouFfD6MevTu54aEaYElBz9uKOa Start processing tasks
2016/11/07 16:30:46 [N] [task.go:70] ZJ8LrLouFfD6MevTu54aEaYElBz9uKOa Not found task info.
2016/11/07 16:30:48 [I] [task.go:49] 4CGHYhWz7KPs6pLu83B0EyQdQCH9h6CO Start processing tasks
2016/11/07 16:30:48 [N] [task.go:70] 4CGHYhWz7KPs6pLu83B0EyQdQCH9h6CO Not found task info.
2016/11/07 16:30:50 [I] [task.go:49] gAjIYxN5XEGQ6GmfvMyk0RsY8wmw5tzB Start processing tasks
2016/11/07 16:31:06 [I] [task.go:49] YrBycmjRZAaPn7r3CORMCpFUg2RFGSyh Start processing tasks
2016/11/07 16:31:56 [I] [task.go:49] hz8zkOF3Os5PrEtz5DnyeceqjwMpBIdn Start processing tasks
2016/11/07 16:32:42 [I] [task.go:49] 0jwM36HoS9943y0uuTxwjPUuWqpoDZ5Z Start processing tasks
2016/11/07 16:33:22 [I] [task.go:49] 72D4zmdXeahY4Mpvijpsct400NJxFT3B Start processing tasks
2016/11/07 16:33:22 [E] [bbs.go:26] 72D4zmdXeahY4Mpvijpsct400NJxFT3B getBbsInfo error dd
2016/11/07 16:33:22 [E] [task.go:102] 72D4zmdXeahY4Mpvijpsct400NJxFT3B dd
2016/11/07 16:33:24 [I] [task.go:49] r2uuNF6Qv5i6IeGYnFh0fHd0SNdlL7Du Start processing tasks
2016/11/07 16:33:24 [N] [task.go:70] r2uuNF6Qv5i6IeGYnFh0fHd0SNdlL7Du Not found task info.
2016/11/07 16:34:42 [I] [task.go:49] wLr4AqvbMmewkTfMJww76uuDpmiyQtIP Start processing tasks
2016/11/07 16:36:00 [I] [task.go:49] 3LLFohXsk4zwIsGShx4PrKXbqsFrZ770 Start processing tasks
2016/11/07 16:36:00 [E] [bbs.go:26] 3LLFohXsk4zwIsGShx4PrKXbqsFrZ770 getBbsInfo error dd
2016/11/07 16:36:00 [E] [task.go:102] 3LLFohXsk4zwIsGShx4PrKXbqsFrZ770 dd
2016/11/07 16:36:02 [I] [task.go:49] 8n4M5uN0X9IUTKOXuJkKup3K8v1sRhN1 Start processing tasks
2016/11/07 16:36:02 [N] [task.go:70] 8n4M5uN0X9IUTKOXuJkKup3K8v1sRhN1 Not found task info.
2016/11/07 16:36:57 [I] [task.go:49] 8q3ypPcDM3G2SvxJ9idbWkJakczFuEfo Start processing tasks
2016/11/07 16:36:57 [E] [bbs.go:26] 8q3ypPcDM3G2SvxJ9idbWkJakczFuEfo getBbsInfo error json: cannot unmarshal string into Go value of type []string
2016/11/07 16:36:57 [E] [task.go:102] 8q3ypPcDM3G2SvxJ9idbWkJakczFuEfo json: cannot unmarshal string into Go value of type []string
2016/11/07 16:36:59 [I] [task.go:49] gJnAtDiQkgRvxys5wIdbXCX8W2pLsWf2 Start processing tasks
2016/11/07 16:36:59 [N] [task.go:70] gJnAtDiQkgRvxys5wIdbXCX8W2pLsWf2 Not found task info.
2016/11/07 16:37:34 [I] [task.go:49] UdtMt2yonx9PXaji3hYGsozB9l2tGxbo Start processing tasks
2016/11/07 16:37:34 [E] [bbs.go:26] UdtMt2yonx9PXaji3hYGsozB9l2tGxbo getBbsInfo error json: cannot unmarshal string into Go value of type []string
2016/11/07 16:37:34 [E] [task.go:102] UdtMt2yonx9PXaji3hYGsozB9l2tGxbo json: cannot unmarshal string into Go value of type []string
2016/11/07 16:37:36 [I] [task.go:49] jJXSzKnjnjNxeLp4uci5X4KYM7EAcpDl Start processing tasks
2016/11/07 16:37:36 [N] [task.go:70] jJXSzKnjnjNxeLp4uci5X4KYM7EAcpDl Not found task info.
2016/11/07 16:38:37 [I] [task.go:49] o13ADrJZHO4v59MWMWRNadqFQCtmOpV1 Start processing tasks
2016/11/07 16:38:37 [E] [bbs.go:26] o13ADrJZHO4v59MWMWRNadqFQCtmOpV1 getBbsInfo error json: cannot unmarshal string into Go value of type []string
2016/11/07 16:38:37 [E] [task.go:102] o13ADrJZHO4v59MWMWRNadqFQCtmOpV1 json: cannot unmarshal string into Go value of type []string
2016/11/07 16:38:39 [I] [task.go:49] 1XfWeitRdinGl5bR1Mrl8e7eqf3yzXVs Start processing tasks
2016/11/07 16:38:39 [N] [task.go:70] 1XfWeitRdinGl5bR1Mrl8e7eqf3yzXVs Not found task info.
2016/11/07 16:38:41 [I] [task.go:49] 5iMVXdOLVXY631asdzn4t09NEX4r6AvD Start processing tasks
2016/11/07 16:38:41 [N] [task.go:70] 5iMVXdOLVXY631asdzn4t09NEX4r6AvD Not found task info.
2016/11/07 16:38:43 [I] [task.go:49] R0uvqcSB3rha9KH4U0OtyZwctRlS4nla Start processing tasks
2016/11/07 16:38:43 [N] [task.go:70] R0uvqcSB3rha9KH4U0OtyZwctRlS4nla Not found task info.
2016/11/07 16:39:47 [I] [task.go:49] h6Dhd3lQ8r2f9dBt7QoO9zIpYjIz83iD Start processing tasks
2016/11/07 16:40:30 [I] [task.go:49] dxWKsBRmfm7zrRA4xBm56Os4Jw3yerxf Start processing tasks
2016/11/07 16:41:34 [I] [task.go:49] JO0aMCA9kvNj0UqxtTeqN74cWTJ6uHQX Start processing tasks
2016/11/07 17:02:32 [I] [task.go:49] crFjDn8RHG8comGe6CR95s7f7FijFDhz Start processing tasks
2016/11/07 17:02:32 [N] [task.go:70] crFjDn8RHG8comGe6CR95s7f7FijFDhz Not found task info.
2016/11/07 17:02:34 [I] [task.go:49] DHXKDYdfwqfZfPJjNf86qpbuOCnya5IR Start processing tasks
2016/11/07 17:02:34 [N] [task.go:70] DHXKDYdfwqfZfPJjNf86qpbuOCnya5IR Not found task info.
2016/11/07 17:03:03 [I] [task.go:49] 1bYqpuc9EPv1V9rTx6xulOpPLiuEisPr Start processing tasks
2016/11/07 17:03:03 [N] [task.go:70] 1bYqpuc9EPv1V9rTx6xulOpPLiuEisPr Not found task info.
2016/11/07 17:03:05 [I] [task.go:49] eThM4aeRsGhOT1KoLbPvADPYl3qrCKcH Start processing tasks
2016/11/07 17:03:05 [N] [task.go:70] eThM4aeRsGhOT1KoLbPvADPYl3qrCKcH Not found task info.
2016/11/07 17:03:07 [I] [task.go:49] 43QeBt1KBbri6IfhVUh7RMty0AkOZTEw Start processing tasks
2016/11/07 17:03:07 [N] [task.go:70] 43QeBt1KBbri6IfhVUh7RMty0AkOZTEw Not found task info.
2016/11/07 17:03:09 [I] [task.go:49] CtAirYXiDyB8IfZE8yyunO7uSSMCM4X4 Start processing tasks
2016/11/07 17:03:09 [N] [task.go:70] CtAirYXiDyB8IfZE8yyunO7uSSMCM4X4 Not found task info.
2016/11/07 17:03:33 [I] [task.go:49] tSRn7v3A61vsFk8VRUTshLsnMjsvtcp9 Start processing tasks
2016/11/07 17:16:48 [I] [task.go:49] Bc5oNctOg2ArmDZ8EGnt45qGOlZC3fvr Start processing tasks
2016/11/07 17:16:48 [I] [task.go:62] Bc5oNctOg2ArmDZ8EGnt45qGOlZC3fvr Successful
2016/11/07 17:16:50 [I] [task.go:49] UyLHS91toNVzHjhlIDtS2wURuSyMIRek Start processing tasks
2016/11/07 17:16:50 [N] [task.go:70] UyLHS91toNVzHjhlIDtS2wURuSyMIRek Not found task info.
2016/11/07 17:21:01 [I] [task.go:49] hKbQEdJjnHYzhk8eHfqrYzO3B8gmQOdZ Start processing tasks
2016/11/07 17:21:01 [I] [task.go:62] hKbQEdJjnHYzhk8eHfqrYzO3B8gmQOdZ Successful
2016/11/07 17:21:03 [I] [task.go:49] nBxbcViUtXm2nmiXIK9zVQL2rKmUPxxR Start processing tasks
2016/11/07 17:21:03 [N] [task.go:70] nBxbcViUtXm2nmiXIK9zVQL2rKmUPxxR Not found task info.
2016/11/07 17:57:58 [I] [task.go:49] vwofaByfgIgbAS372lCvR1E54W36kh56 Start processing tasks
2016/11/07 17:57:58 [I] [task.go:62] vwofaByfgIgbAS372lCvR1E54W36kh56 Successful
2016/11/07 17:59:35 [I] [task.go:49] SUU5p0MW9pMIBNvku8SRQtcTyJnrsXwb Start processing tasks
2016/11/07 17:59:35 [I] [task.go:62] SUU5p0MW9pMIBNvku8SRQtcTyJnrsXwb Successful
2016/11/07 17:59:37 [I] [task.go:49] J9BxZ1HGgwlvNmqb6prINz9NLh7NZ9YR Start processing tasks
2016/11/07 17:59:37 [N] [task.go:70] J9BxZ1HGgwlvNmqb6prINz9NLh7NZ9YR Not found task info.
2016/11/07 17:59:39 [I] [task.go:49] H68wKkDFtxU0635zX7PVtrEdvtd5hhqH Start processing tasks
2016/11/07 17:59:39 [N] [task.go:70] H68wKkDFtxU0635zX7PVtrEdvtd5hhqH Not found task info.
2016/11/07 18:00:46 [I] [task.go:49] i9BiHdG1ZKnj4IX78Yu4YcSJZeO51Asm Start processing tasks
2016/11/07 18:00:46 [N] [task.go:70] i9BiHdG1ZKnj4IX78Yu4YcSJZeO51Asm Not found task info.
2016/11/07 18:00:48 [I] [task.go:49] feWiWf2ulTmcVhd00jusiv5AQpU8XL85 Start processing tasks
2016/11/07 18:00:48 [N] [task.go:70] feWiWf2ulTmcVhd00jusiv5AQpU8XL85 Not found task info.
2016/11/07 18:00:50 [I] [task.go:49] 96UjOKB7zKDsny413BOKE7Oz8vMW6lSR Start processing tasks
2016/11/07 18:00:50 [N] [task.go:70] 96UjOKB7zKDsny413BOKE7Oz8vMW6lSR Not found task info.
2016/11/07 18:00:52 [I] [task.go:49] 3Py21E1cfA1hwxln11z22ywy1jfm1h0G Start processing tasks
2016/11/07 18:00:52 [N] [task.go:70] 3Py21E1cfA1hwxln11z22ywy1jfm1h0G Not found task info.
2016/11/07 18:01:16 [I] [task.go:49] 1rsPoXP4w5sCMUde7qTPc3gr9OTmLo7K Start processing tasks
2016/11/07 18:01:17 [I] [task.go:62] 1rsPoXP4w5sCMUde7qTPc3gr9OTmLo7K Successful
2016/11/07 18:01:18 [I] [task.go:49] MM8ivG0VwXB7W4Rd7e8wgi8kClooXjBU Start processing tasks
2016/11/07 18:01:18 [N] [task.go:70] MM8ivG0VwXB7W4Rd7e8wgi8kClooXjBU Not found task info.
2016/11/07 18:05:57 [I] [task.go:49] W6t7WsdGx1ii5VvHiDSK3XzJkdIWaXoV Start processing tasks
2016/11/07 18:05:58 [I] [task.go:62] W6t7WsdGx1ii5VvHiDSK3XzJkdIWaXoV Successful
2016/11/07 18:06:20 [I] [task.go:49] s0pZ8Z387tewJlSG7HKnQ2HyLP6gfhAw Start processing tasks
2016/11/07 18:06:20 [I] [task.go:62] s0pZ8Z387tewJlSG7HKnQ2HyLP6gfhAw Successful
2016/11/07 18:06:22 [I] [task.go:49] He318xqixcOGDdPNnOrsKJG71fZRfaQL Start processing tasks
2016/11/07 18:06:22 [N] [task.go:70] He318xqixcOGDdPNnOrsKJG71fZRfaQL Not found task info.
2016/11/07 18:06:24 [I] [task.go:49] UmJuXsVYI133ruN36E34jIGddm3yaw2i Start processing tasks
2016/11/07 18:06:24 [N] [task.go:70] UmJuXsVYI133ruN36E34jIGddm3yaw2i Not found task info.
2016/11/07 18:09:09 [I] [task.go:49] JlFM7l7FWWITWg2ag4OJiEEXenjaIaof Start processing tasks
2016/11/07 18:09:09 [I] [task.go:62] JlFM7l7FWWITWg2ag4OJiEEXenjaIaof Successful
2016/11/07 18:10:23 [I] [task.go:49] lvf0KptxCW2omfUnzH4aO0skUd63O08T Start processing tasks
2016/11/07 18:10:23 [I] [task.go:62] lvf0KptxCW2omfUnzH4aO0skUd63O08T Successful
2016/11/07 18:10:25 [I] [task.go:49] zQ95qi4mjqdd9vqAjOGxUbEGQE0FrzMm Start processing tasks
2016/11/07 18:10:25 [N] [task.go:70] zQ95qi4mjqdd9vqAjOGxUbEGQE0FrzMm Not found task info.
2016/11/07 18:10:55 [I] [task.go:49] V0FoyUGjMiPohGsyqHLmFMWVOx3lz1cB Start processing tasks
2016/11/07 18:10:55 [I] [task.go:62] V0FoyUGjMiPohGsyqHLmFMWVOx3lz1cB Successful
2016/11/07 18:10:57 [I] [task.go:49] F3gL9fxfDRMMQKr20EUtEgT0A28043P5 Start processing tasks
2016/11/07 18:10:57 [N] [task.go:70] F3gL9fxfDRMMQKr20EUtEgT0A28043P5 Not found task info.
2016/11/07 18:15:19 [I] [task.go:49] CvS1E6Y7tjX56p4SH3EaQc4EzWSxdjJ1 Start processing tasks
2016/11/07 18:15:19 [N] [task.go:70] CvS1E6Y7tjX56p4SH3EaQc4EzWSxdjJ1 Not found task info.
2016/11/07 18:15:21 [I] [task.go:49] M8wX78aNC26YQLKhifLdYqno0ZBNQwgD Start processing tasks
2016/11/07 18:15:21 [N] [task.go:70] M8wX78aNC26YQLKhifLdYqno0ZBNQwgD Not found task info.
2016/11/07 18:15:23 [I] [task.go:49] C08TSPPoj3k1s2u5qjaH39P1tOjiqm4d Start processing tasks
2016/11/07 18:15:23 [N] [task.go:70] C08TSPPoj3k1s2u5qjaH39P1tOjiqm4d Not found task info.
2016/11/07 18:15:25 [I] [task.go:49] 2ZHj88YpwFiUFU7HnqA321WP5E7ZG7ko Start processing tasks
2016/11/07 18:15:25 [I] [task.go:62] 2ZHj88YpwFiUFU7HnqA321WP5E7ZG7ko Successful
